{"C:\\Users\\user\\Desktop\\GP_Project\\backend\\server.js": {"path":"C:\\Users\\user\\Desktop\\GP_Project\\backend\\server.js","statementMap":{"0":{"start":{"line":1,"column":16},"end":{"line":1,"column":34}},"1":{"start":{"line":2,"column":13},"end":{"line":2,"column":28}},"2":{"start":{"line":3,"column":14},"end":{"line":3,"column":31}},"3":{"start":{"line":5,"column":12},"end":{"line":5,"column":21}},"4":{"start":{"line":7,"column":0},"end":{"line":7,"column":16}},"5":{"start":{"line":8,"column":0},"end":{"line":8,"column":24}},"6":{"start":{"line":10,"column":0},"end":{"line":10,"column":27}},"7":{"start":{"line":12,"column":11},"end":{"line":17,"column":2}},"8":{"start":{"line":19,"column":0},"end":{"line":25,"column":3}},"9":{"start":{"line":20,"column":2},"end":{"line":23,"column":3}},"10":{"start":{"line":21,"column":4},"end":{"line":21,"column":62}},"11":{"start":{"line":22,"column":4},"end":{"line":22,"column":11}},"12":{"start":{"line":24,"column":2},"end":{"line":24,"column":36}},"13":{"start":{"line":27,"column":24},"end":{"line":27,"column":61}},"14":{"start":{"line":28,"column":20},"end":{"line":28,"column":53}},"15":{"start":{"line":29,"column":26},"end":{"line":29,"column":65}},"16":{"start":{"line":30,"column":27},"end":{"line":30,"column":67}},"17":{"start":{"line":31,"column":22},"end":{"line":31,"column":57}},"18":{"start":{"line":32,"column":26},"end":{"line":32,"column":65}},"19":{"start":{"line":33,"column":26},"end":{"line":33,"column":65}},"20":{"start":{"line":34,"column":24},"end":{"line":34,"column":61}},"21":{"start":{"line":35,"column":28},"end":{"line":35,"column":69}},"22":{"start":{"line":36,"column":29},"end":{"line":36,"column":71}},"23":{"start":{"line":37,"column":21},"end":{"line":37,"column":55}},"24":{"start":{"line":39,"column":18},"end":{"line":39,"column":41}},"25":{"start":{"line":40,"column":20},"end":{"line":40,"column":46}},"26":{"start":{"line":41,"column":26},"end":{"line":41,"column":58}},"27":{"start":{"line":42,"column":27},"end":{"line":42,"column":60}},"28":{"start":{"line":43,"column":22},"end":{"line":43,"column":50}},"29":{"start":{"line":44,"column":26},"end":{"line":44,"column":58}},"30":{"start":{"line":45,"column":26},"end":{"line":45,"column":58}},"31":{"start":{"line":46,"column":24},"end":{"line":46,"column":54}},"32":{"start":{"line":47,"column":28},"end":{"line":47,"column":62}},"33":{"start":{"line":48,"column":29},"end":{"line":48,"column":64}},"34":{"start":{"line":49,"column":21},"end":{"line":49,"column":48}},"35":{"start":{"line":52,"column":0},"end":{"line":192,"column":3}},"36":{"start":{"line":53,"column":2},"end":{"line":53,"column":50}},"37":{"start":{"line":54,"column":35},"end":{"line":54,"column":43}},"38":{"start":{"line":56,"column":2},"end":{"line":58,"column":3}},"39":{"start":{"line":57,"column":4},"end":{"line":57,"column":72}},"40":{"start":{"line":60,"column":24},"end":{"line":60,"column":71}},"41":{"start":{"line":61,"column":2},"end":{"line":63,"column":3}},"42":{"start":{"line":62,"column":6},"end":{"line":62,"column":123}},"43":{"start":{"line":65,"column":2},"end":{"line":67,"column":3}},"44":{"start":{"line":66,"column":4},"end":{"line":66,"column":72}},"45":{"start":{"line":69,"column":2},"end":{"line":71,"column":3}},"46":{"start":{"line":70,"column":4},"end":{"line":70,"column":72}},"47":{"start":{"line":73,"column":16},"end":{"line":73,"column":40}},"48":{"start":{"line":75,"column":2},"end":{"line":115,"column":3}},"49":{"start":{"line":76,"column":4},"end":{"line":78,"column":5}},"50":{"start":{"line":77,"column":8},"end":{"line":77,"column":98}},"51":{"start":{"line":79,"column":4},"end":{"line":81,"column":5}},"52":{"start":{"line":80,"column":6},"end":{"line":80,"column":95}},"53":{"start":{"line":82,"column":4},"end":{"line":84,"column":5}},"54":{"start":{"line":83,"column":6},"end":{"line":83,"column":94}},"55":{"start":{"line":85,"column":4},"end":{"line":87,"column":5}},"56":{"start":{"line":86,"column":8},"end":{"line":86,"column":91}},"57":{"start":{"line":88,"column":4},"end":{"line":90,"column":5}},"58":{"start":{"line":89,"column":8},"end":{"line":89,"column":89}},"59":{"start":{"line":91,"column":9},"end":{"line":115,"column":3}},"60":{"start":{"line":92,"column":4},"end":{"line":94,"column":5}},"61":{"start":{"line":93,"column":6},"end":{"line":93,"column":99}},"62":{"start":{"line":95,"column":9},"end":{"line":115,"column":3}},"63":{"start":{"line":96,"column":4},"end":{"line":98,"column":5}},"64":{"start":{"line":97,"column":8},"end":{"line":97,"column":108}},"65":{"start":{"line":99,"column":4},"end":{"line":101,"column":5}},"66":{"start":{"line":100,"column":8},"end":{"line":100,"column":124}},"67":{"start":{"line":102,"column":28},"end":{"line":102,"column":88}},"68":{"start":{"line":103,"column":4},"end":{"line":105,"column":5}},"69":{"start":{"line":103,"column":39},"end":{"line":103,"column":61}},"70":{"start":{"line":104,"column":6},"end":{"line":104,"column":98}},"71":{"start":{"line":106,"column":4},"end":{"line":108,"column":5}},"72":{"start":{"line":107,"column":8},"end":{"line":107,"column":99}},"73":{"start":{"line":109,"column":4},"end":{"line":111,"column":5}},"74":{"start":{"line":110,"column":8},"end":{"line":110,"column":115}},"75":{"start":{"line":112,"column":4},"end":{"line":114,"column":5}},"76":{"start":{"line":113,"column":8},"end":{"line":113,"column":93}},"77":{"start":{"line":117,"column":28},"end":{"line":131,"column":3}},"78":{"start":{"line":118,"column":4},"end":{"line":130,"column":7}},"79":{"start":{"line":119,"column":6},"end":{"line":129,"column":7}},"80":{"start":{"line":120,"column":8},"end":{"line":126,"column":11}},"81":{"start":{"line":121,"column":10},"end":{"line":121,"column":38}},"82":{"start":{"line":121,"column":19},"end":{"line":121,"column":38}},"83":{"start":{"line":122,"column":10},"end":{"line":124,"column":11}},"84":{"start":{"line":123,"column":12},"end":{"line":123,"column":101}},"85":{"start":{"line":125,"column":10},"end":{"line":125,"column":20}},"86":{"start":{"line":128,"column":8},"end":{"line":128,"column":18}},"87":{"start":{"line":133,"column":2},"end":{"line":191,"column":5}},"88":{"start":{"line":134,"column":26},"end":{"line":134,"column":61}},"89":{"start":{"line":135,"column":23},"end":{"line":135,"column":88}},"90":{"start":{"line":136,"column":4},"end":{"line":183,"column":7}},"91":{"start":{"line":137,"column":6},"end":{"line":140,"column":7}},"92":{"start":{"line":138,"column":8},"end":{"line":138,"column":71}},"93":{"start":{"line":139,"column":8},"end":{"line":139,"column":85}},"94":{"start":{"line":142,"column":6},"end":{"line":150,"column":7}},"95":{"start":{"line":143,"column":29},"end":{"line":143,"column":44}},"96":{"start":{"line":144,"column":8},"end":{"line":146,"column":9}},"97":{"start":{"line":145,"column":10},"end":{"line":145,"column":77}},"98":{"start":{"line":147,"column":8},"end":{"line":149,"column":9}},"99":{"start":{"line":148,"column":10},"end":{"line":148,"column":75}},"100":{"start":{"line":152,"column":30},"end":{"line":152,"column":99}},"101":{"start":{"line":154,"column":20},"end":{"line":154,"column":92}},"102":{"start":{"line":155,"column":6},"end":{"line":182,"column":9}},"103":{"start":{"line":156,"column":8},"end":{"line":159,"column":9}},"104":{"start":{"line":157,"column":10},"end":{"line":157,"column":65}},"105":{"start":{"line":158,"column":10},"end":{"line":158,"column":89}},"106":{"start":{"line":161,"column":8},"end":{"line":181,"column":9}},"107":{"start":{"line":162,"column":31},"end":{"line":162,"column":132}},"108":{"start":{"line":163,"column":10},"end":{"line":169,"column":13}},"109":{"start":{"line":164,"column":12},"end":{"line":167,"column":13}},"110":{"start":{"line":165,"column":14},"end":{"line":165,"column":79}},"111":{"start":{"line":166,"column":14},"end":{"line":166,"column":102}},"112":{"start":{"line":168,"column":12},"end":{"line":168,"column":61}},"113":{"start":{"line":170,"column":15},"end":{"line":181,"column":9}},"114":{"start":{"line":171,"column":31},"end":{"line":171,"column":166}},"115":{"start":{"line":172,"column":10},"end":{"line":178,"column":13}},"116":{"start":{"line":173,"column":12},"end":{"line":176,"column":13}},"117":{"start":{"line":174,"column":14},"end":{"line":174,"column":80}},"118":{"start":{"line":175,"column":14},"end":{"line":175,"column":102}},"119":{"start":{"line":177,"column":12},"end":{"line":177,"column":61}},"120":{"start":{"line":180,"column":10},"end":{"line":180,"column":59}},"121":{"start":{"line":185,"column":4},"end":{"line":190,"column":5}},"122":{"start":{"line":186,"column":6},"end":{"line":186,"column":67}},"123":{"start":{"line":188,"column":6},"end":{"line":188,"column":65}},"124":{"start":{"line":189,"column":6},"end":{"line":189,"column":100}},"125":{"start":{"line":193,"column":0},"end":{"line":250,"column":3}},"126":{"start":{"line":194,"column":30},"end":{"line":194,"column":38}},"127":{"start":{"line":196,"column":2},"end":{"line":198,"column":3}},"128":{"start":{"line":197,"column":4},"end":{"line":197,"column":74}},"129":{"start":{"line":200,"column":16},"end":{"line":200,"column":70}},"130":{"start":{"line":202,"column":2},"end":{"line":249,"column":5}},"131":{"start":{"line":203,"column":4},"end":{"line":206,"column":5}},"132":{"start":{"line":204,"column":6},"end":{"line":204,"column":25}},"133":{"start":{"line":205,"column":6},"end":{"line":205,"column":78}},"134":{"start":{"line":208,"column":4},"end":{"line":210,"column":5}},"135":{"start":{"line":209,"column":6},"end":{"line":209,"column":74}},"136":{"start":{"line":212,"column":17},"end":{"line":212,"column":27}},"137":{"start":{"line":213,"column":20},"end":{"line":213,"column":22}},"138":{"start":{"line":214,"column":20},"end":{"line":214,"column":22}},"139":{"start":{"line":216,"column":4},"end":{"line":222,"column":5}},"140":{"start":{"line":217,"column":6},"end":{"line":217,"column":69}},"141":{"start":{"line":218,"column":6},"end":{"line":218,"column":30}},"142":{"start":{"line":219,"column":11},"end":{"line":222,"column":5}},"143":{"start":{"line":220,"column":6},"end":{"line":220,"column":73}},"144":{"start":{"line":221,"column":6},"end":{"line":221,"column":33}},"145":{"start":{"line":224,"column":20},"end":{"line":232,"column":5}},"146":{"start":{"line":225,"column":6},"end":{"line":231,"column":9}},"147":{"start":{"line":234,"column":4},"end":{"line":248,"column":5}},"148":{"start":{"line":235,"column":6},"end":{"line":245,"column":9}},"149":{"start":{"line":236,"column":8},"end":{"line":239,"column":9}},"150":{"start":{"line":237,"column":10},"end":{"line":237,"column":30}},"151":{"start":{"line":238,"column":10},"end":{"line":238,"column":31}},"152":{"start":{"line":240,"column":8},"end":{"line":244,"column":9}},"153":{"start":{"line":241,"column":10},"end":{"line":241,"column":42}},"154":{"start":{"line":243,"column":10},"end":{"line":243,"column":24}},"155":{"start":{"line":247,"column":6},"end":{"line":247,"column":20}},"156":{"start":{"line":252,"column":0},"end":{"line":270,"column":3}},"157":{"start":{"line":253,"column":28},"end":{"line":253,"column":36}},"158":{"start":{"line":254,"column":2},"end":{"line":256,"column":3}},"159":{"start":{"line":255,"column":4},"end":{"line":255,"column":86}},"160":{"start":{"line":258,"column":16},"end":{"line":258,"column":68}},"161":{"start":{"line":259,"column":2},"end":{"line":269,"column":5}},"162":{"start":{"line":260,"column":4},"end":{"line":263,"column":5}},"163":{"start":{"line":261,"column":6},"end":{"line":261,"column":25}},"164":{"start":{"line":262,"column":6},"end":{"line":262,"column":79}},"165":{"start":{"line":264,"column":4},"end":{"line":268,"column":5}},"166":{"start":{"line":265,"column":6},"end":{"line":265,"column":32}},"167":{"start":{"line":267,"column":6},"end":{"line":267,"column":33}},"168":{"start":{"line":272,"column":0},"end":{"line":277,"column":3}},"169":{"start":{"line":273,"column":2},"end":{"line":276,"column":5}},"170":{"start":{"line":274,"column":4},"end":{"line":274,"column":92}},"171":{"start":{"line":274,"column":13},"end":{"line":274,"column":92}},"172":{"start":{"line":275,"column":4},"end":{"line":275,"column":22}},"173":{"start":{"line":279,"column":0},"end":{"line":287,"column":3}},"174":{"start":{"line":280,"column":22},"end":{"line":280,"column":32}},"175":{"start":{"line":281,"column":16},"end":{"line":281,"column":86}},"176":{"start":{"line":282,"column":2},"end":{"line":286,"column":5}},"177":{"start":{"line":283,"column":4},"end":{"line":283,"column":97}},"178":{"start":{"line":283,"column":13},"end":{"line":283,"column":97}},"179":{"start":{"line":284,"column":4},"end":{"line":284,"column":92}},"180":{"start":{"line":284,"column":30},"end":{"line":284,"column":92}},"181":{"start":{"line":285,"column":4},"end":{"line":285,"column":25}},"182":{"start":{"line":289,"column":0},"end":{"line":294,"column":3}},"183":{"start":{"line":290,"column":2},"end":{"line":293,"column":5}},"184":{"start":{"line":291,"column":4},"end":{"line":291,"column":92}},"185":{"start":{"line":291,"column":13},"end":{"line":291,"column":92}},"186":{"start":{"line":292,"column":4},"end":{"line":292,"column":22}},"187":{"start":{"line":296,"column":0},"end":{"line":392,"column":3}},"188":{"start":{"line":297,"column":2},"end":{"line":297,"column":52}},"189":{"start":{"line":298,"column":169},"end":{"line":298,"column":177}},"190":{"start":{"line":300,"column":2},"end":{"line":302,"column":3}},"191":{"start":{"line":301,"column":4},"end":{"line":301,"column":75}},"192":{"start":{"line":304,"column":2},"end":{"line":306,"column":3}},"193":{"start":{"line":305,"column":4},"end":{"line":305,"column":91}},"194":{"start":{"line":308,"column":2},"end":{"line":310,"column":3}},"195":{"start":{"line":309,"column":4},"end":{"line":309,"column":127}},"196":{"start":{"line":312,"column":22},"end":{"line":312,"column":49}},"197":{"start":{"line":313,"column":2},"end":{"line":315,"column":3}},"198":{"start":{"line":314,"column":4},"end":{"line":314,"column":101}},"199":{"start":{"line":317,"column":16},"end":{"line":317,"column":26}},"200":{"start":{"line":318,"column":2},"end":{"line":318,"column":26}},"201":{"start":{"line":319,"column":16},"end":{"line":319,"column":45}},"202":{"start":{"line":320,"column":2},"end":{"line":320,"column":26}},"203":{"start":{"line":321,"column":24},"end":{"line":321,"column":39}},"204":{"start":{"line":322,"column":2},"end":{"line":322,"column":47}},"205":{"start":{"line":324,"column":2},"end":{"line":326,"column":3}},"206":{"start":{"line":325,"column":4},"end":{"line":325,"column":90}},"207":{"start":{"line":327,"column":2},"end":{"line":329,"column":3}},"208":{"start":{"line":328,"column":4},"end":{"line":328,"column":102}},"209":{"start":{"line":331,"column":14},"end":{"line":331,"column":41}},"210":{"start":{"line":332,"column":2},"end":{"line":332,"column":24}},"211":{"start":{"line":333,"column":2},"end":{"line":335,"column":3}},"212":{"start":{"line":334,"column":4},"end":{"line":334,"column":91}},"213":{"start":{"line":337,"column":17},"end":{"line":337,"column":32}},"214":{"start":{"line":338,"column":2},"end":{"line":338,"column":40}},"215":{"start":{"line":339,"column":2},"end":{"line":341,"column":3}},"216":{"start":{"line":340,"column":4},"end":{"line":340,"column":85}},"217":{"start":{"line":343,"column":2},"end":{"line":345,"column":3}},"218":{"start":{"line":344,"column":4},"end":{"line":344,"column":83}},"219":{"start":{"line":347,"column":26},"end":{"line":347,"column":78}},"220":{"start":{"line":348,"column":2},"end":{"line":391,"column":5}},"221":{"start":{"line":349,"column":4},"end":{"line":352,"column":5}},"222":{"start":{"line":350,"column":6},"end":{"line":350,"column":63}},"223":{"start":{"line":351,"column":6},"end":{"line":351,"column":65}},"224":{"start":{"line":354,"column":4},"end":{"line":356,"column":5}},"225":{"start":{"line":355,"column":6},"end":{"line":355,"column":76}},"226":{"start":{"line":358,"column":23},"end":{"line":358,"column":44}},"227":{"start":{"line":360,"column":29},"end":{"line":360,"column":89}},"228":{"start":{"line":361,"column":4},"end":{"line":390,"column":7}},"229":{"start":{"line":362,"column":6},"end":{"line":365,"column":7}},"230":{"start":{"line":363,"column":8},"end":{"line":363,"column":69}},"231":{"start":{"line":364,"column":8},"end":{"line":364,"column":67}},"232":{"start":{"line":367,"column":6},"end":{"line":369,"column":7}},"233":{"start":{"line":368,"column":8},"end":{"line":368,"column":69}},"234":{"start":{"line":371,"column":26},"end":{"line":371,"column":51}},"235":{"start":{"line":373,"column":20},"end":{"line":377,"column":7}},"236":{"start":{"line":379,"column":21},"end":{"line":381,"column":7}},"237":{"start":{"line":383,"column":6},"end":{"line":389,"column":9}},"238":{"start":{"line":384,"column":8},"end":{"line":387,"column":9}},"239":{"start":{"line":385,"column":10},"end":{"line":385,"column":56}},"240":{"start":{"line":386,"column":10},"end":{"line":386,"column":123}},"241":{"start":{"line":388,"column":8},"end":{"line":388,"column":68}},"242":{"start":{"line":394,"column":0},"end":{"line":417,"column":3}},"243":{"start":{"line":395,"column":16},"end":{"line":409,"column":3}},"244":{"start":{"line":410,"column":2},"end":{"line":416,"column":5}},"245":{"start":{"line":411,"column":4},"end":{"line":414,"column":5}},"246":{"start":{"line":412,"column":6},"end":{"line":412,"column":62}},"247":{"start":{"line":413,"column":6},"end":{"line":413,"column":86}},"248":{"start":{"line":415,"column":4},"end":{"line":415,"column":22}},"249":{"start":{"line":419,"column":0},"end":{"line":448,"column":3}},"250":{"start":{"line":420,"column":19},"end":{"line":420,"column":38}},"251":{"start":{"line":421,"column":2},"end":{"line":421,"column":62}},"252":{"start":{"line":423,"column":16},"end":{"line":438,"column":3}},"253":{"start":{"line":440,"column":2},"end":{"line":447,"column":5}},"254":{"start":{"line":441,"column":4},"end":{"line":444,"column":5}},"255":{"start":{"line":442,"column":6},"end":{"line":442,"column":74}},"256":{"start":{"line":443,"column":6},"end":{"line":443,"column":86}},"257":{"start":{"line":445,"column":4},"end":{"line":445,"column":50}},"258":{"start":{"line":446,"column":4},"end":{"line":446,"column":22}},"259":{"start":{"line":450,"column":0},"end":{"line":465,"column":3}},"260":{"start":{"line":451,"column":16},"end":{"line":456,"column":3}},"261":{"start":{"line":458,"column":2},"end":{"line":464,"column":5}},"262":{"start":{"line":459,"column":4},"end":{"line":462,"column":5}},"263":{"start":{"line":460,"column":6},"end":{"line":460,"column":68}},"264":{"start":{"line":461,"column":6},"end":{"line":461,"column":81}},"265":{"start":{"line":463,"column":4},"end":{"line":463,"column":22}},"266":{"start":{"line":467,"column":0},"end":{"line":471,"column":1}},"267":{"start":{"line":468,"column":2},"end":{"line":470,"column":5}},"268":{"start":{"line":469,"column":4},"end":{"line":469,"column":59}},"269":{"start":{"line":473,"column":0},"end":{"line":473,"column":29}}},"fnMap":{"0":{"name":"(anonymous_0)","decl":{"start":{"line":19,"column":11},"end":{"line":19,"column":12}},"loc":{"start":{"line":19,"column":20},"end":{"line":25,"column":1}},"line":19},"1":{"name":"(anonymous_1)","decl":{"start":{"line":52,"column":22},"end":{"line":52,"column":23}},"loc":{"start":{"line":52,"column":36},"end":{"line":192,"column":1}},"line":52},"2":{"name":"(anonymous_2)","decl":{"start":{"line":103,"column":29},"end":{"line":103,"column":30}},"loc":{"start":{"line":103,"column":39},"end":{"line":103,"column":61}},"line":103},"3":{"name":"(anonymous_3)","decl":{"start":{"line":117,"column":28},"end":{"line":117,"column":29}},"loc":{"start":{"line":117,"column":34},"end":{"line":131,"column":3}},"line":117},"4":{"name":"(anonymous_4)","decl":{"start":{"line":118,"column":23},"end":{"line":118,"column":24}},"loc":{"start":{"line":118,"column":44},"end":{"line":130,"column":5}},"line":118},"5":{"name":"(anonymous_5)","decl":{"start":{"line":120,"column":97},"end":{"line":120,"column":98}},"loc":{"start":{"line":120,"column":115},"end":{"line":126,"column":9}},"line":120},"6":{"name":"(anonymous_6)","decl":{"start":{"line":133,"column":27},"end":{"line":133,"column":28}},"loc":{"start":{"line":133,"column":33},"end":{"line":184,"column":3}},"line":133},"7":{"name":"(anonymous_7)","decl":{"start":{"line":136,"column":54},"end":{"line":136,"column":55}},"loc":{"start":{"line":136,"column":82},"end":{"line":183,"column":5}},"line":136},"8":{"name":"(anonymous_8)","decl":{"start":{"line":155,"column":69},"end":{"line":155,"column":70}},"loc":{"start":{"line":155,"column":87},"end":{"line":182,"column":7}},"line":155},"9":{"name":"(anonymous_9)","decl":{"start":{"line":163,"column":95},"end":{"line":163,"column":96}},"loc":{"start":{"line":163,"column":111},"end":{"line":169,"column":11}},"line":163},"10":{"name":"(anonymous_10)","decl":{"start":{"line":172,"column":137},"end":{"line":172,"column":138}},"loc":{"start":{"line":172,"column":153},"end":{"line":178,"column":11}},"line":172},"11":{"name":"(anonymous_11)","decl":{"start":{"line":184,"column":11},"end":{"line":184,"column":12}},"loc":{"start":{"line":184,"column":18},"end":{"line":191,"column":3}},"line":184},"12":{"name":"(anonymous_12)","decl":{"start":{"line":193,"column":19},"end":{"line":193,"column":20}},"loc":{"start":{"line":193,"column":33},"end":{"line":250,"column":1}},"line":193},"13":{"name":"(anonymous_13)","decl":{"start":{"line":202,"column":37},"end":{"line":202,"column":38}},"loc":{"start":{"line":202,"column":55},"end":{"line":249,"column":3}},"line":202},"14":{"name":"(anonymous_14)","decl":{"start":{"line":224,"column":20},"end":{"line":224,"column":21}},"loc":{"start":{"line":224,"column":34},"end":{"line":232,"column":5}},"line":224},"15":{"name":"(anonymous_15)","decl":{"start":{"line":235,"column":42},"end":{"line":235,"column":43}},"loc":{"start":{"line":235,"column":62},"end":{"line":245,"column":7}},"line":235},"16":{"name":"(anonymous_16)","decl":{"start":{"line":252,"column":30},"end":{"line":252,"column":31}},"loc":{"start":{"line":252,"column":44},"end":{"line":270,"column":1}},"line":252},"17":{"name":"(anonymous_17)","decl":{"start":{"line":259,"column":35},"end":{"line":259,"column":36}},"loc":{"start":{"line":259,"column":53},"end":{"line":269,"column":3}},"line":259},"18":{"name":"(anonymous_18)","decl":{"start":{"line":272,"column":23},"end":{"line":272,"column":24}},"loc":{"start":{"line":272,"column":37},"end":{"line":277,"column":1}},"line":272},"19":{"name":"(anonymous_19)","decl":{"start":{"line":273,"column":39},"end":{"line":273,"column":40}},"loc":{"start":{"line":273,"column":57},"end":{"line":276,"column":3}},"line":273},"20":{"name":"(anonymous_20)","decl":{"start":{"line":279,"column":37},"end":{"line":279,"column":38}},"loc":{"start":{"line":279,"column":51},"end":{"line":287,"column":1}},"line":279},"21":{"name":"(anonymous_21)","decl":{"start":{"line":282,"column":29},"end":{"line":282,"column":30}},"loc":{"start":{"line":282,"column":47},"end":{"line":286,"column":3}},"line":282},"22":{"name":"(anonymous_22)","decl":{"start":{"line":289,"column":23},"end":{"line":289,"column":24}},"loc":{"start":{"line":289,"column":37},"end":{"line":294,"column":1}},"line":289},"23":{"name":"(anonymous_23)","decl":{"start":{"line":290,"column":39},"end":{"line":290,"column":40}},"loc":{"start":{"line":290,"column":57},"end":{"line":293,"column":3}},"line":290},"24":{"name":"(anonymous_24)","decl":{"start":{"line":296,"column":28},"end":{"line":296,"column":29}},"loc":{"start":{"line":296,"column":42},"end":{"line":392,"column":1}},"line":296},"25":{"name":"(anonymous_25)","decl":{"start":{"line":348,"column":39},"end":{"line":348,"column":40}},"loc":{"start":{"line":348,"column":57},"end":{"line":391,"column":3}},"line":348},"26":{"name":"(anonymous_26)","decl":{"start":{"line":361,"column":43},"end":{"line":361,"column":44}},"loc":{"start":{"line":361,"column":67},"end":{"line":390,"column":5}},"line":361},"27":{"name":"(anonymous_27)","decl":{"start":{"line":383,"column":30},"end":{"line":383,"column":31}},"loc":{"start":{"line":383,"column":60},"end":{"line":389,"column":7}},"line":383},"28":{"name":"(anonymous_28)","decl":{"start":{"line":394,"column":24},"end":{"line":394,"column":25}},"loc":{"start":{"line":394,"column":38},"end":{"line":417,"column":1}},"line":394},"29":{"name":"(anonymous_29)","decl":{"start":{"line":410,"column":18},"end":{"line":410,"column":19}},"loc":{"start":{"line":410,"column":36},"end":{"line":416,"column":3}},"line":410},"30":{"name":"(anonymous_30)","decl":{"start":{"line":419,"column":34},"end":{"line":419,"column":35}},"loc":{"start":{"line":419,"column":48},"end":{"line":448,"column":1}},"line":419},"31":{"name":"(anonymous_31)","decl":{"start":{"line":440,"column":30},"end":{"line":440,"column":31}},"loc":{"start":{"line":440,"column":48},"end":{"line":447,"column":3}},"line":440},"32":{"name":"(anonymous_32)","decl":{"start":{"line":450,"column":30},"end":{"line":450,"column":31}},"loc":{"start":{"line":450,"column":44},"end":{"line":465,"column":1}},"line":450},"33":{"name":"(anonymous_33)","decl":{"start":{"line":458,"column":18},"end":{"line":458,"column":19}},"loc":{"start":{"line":458,"column":36},"end":{"line":464,"column":3}},"line":458},"34":{"name":"(anonymous_34)","decl":{"start":{"line":468,"column":19},"end":{"line":468,"column":20}},"loc":{"start":{"line":468,"column":25},"end":{"line":470,"column":3}},"line":468}},"branchMap":{"0":{"loc":{"start":{"line":13,"column":8},"end":{"line":13,"column":42}},"type":"binary-expr","locations":[{"start":{"line":13,"column":8},"end":{"line":13,"column":27}},{"start":{"line":13,"column":31},"end":{"line":13,"column":42}}],"line":13},"1":{"loc":{"start":{"line":14,"column":8},"end":{"line":14,"column":37}},"type":"binary-expr","locations":[{"start":{"line":14,"column":8},"end":{"line":14,"column":27}},{"start":{"line":14,"column":31},"end":{"line":14,"column":37}}],"line":14},"2":{"loc":{"start":{"line":15,"column":12},"end":{"line":15,"column":55}},"type":"binary-expr","locations":[{"start":{"line":15,"column":12},"end":{"line":15,"column":35}},{"start":{"line":15,"column":39},"end":{"line":15,"column":55}}],"line":15},"3":{"loc":{"start":{"line":16,"column":12},"end":{"line":16,"column":41}},"type":"binary-expr","locations":[{"start":{"line":16,"column":12},"end":{"line":16,"column":31}},{"start":{"line":16,"column":35},"end":{"line":16,"column":41}}],"line":16},"4":{"loc":{"start":{"line":20,"column":2},"end":{"line":23,"column":3}},"type":"if","locations":[{"start":{"line":20,"column":2},"end":{"line":23,"column":3}},{"start":{},"end":{}}],"line":20},"5":{"loc":{"start":{"line":56,"column":2},"end":{"line":58,"column":3}},"type":"if","locations":[{"start":{"line":56,"column":2},"end":{"line":58,"column":3}},{"start":{},"end":{}}],"line":56},"6":{"loc":{"start":{"line":56,"column":6},"end":{"line":56,"column":48}},"type":"binary-expr","locations":[{"start":{"line":56,"column":6},"end":{"line":56,"column":11}},{"start":{"line":56,"column":15},"end":{"line":56,"column":24}},{"start":{"line":56,"column":28},"end":{"line":56,"column":33}},{"start":{"line":56,"column":37},"end":{"line":56,"column":48}}],"line":56},"7":{"loc":{"start":{"line":61,"column":2},"end":{"line":63,"column":3}},"type":"if","locations":[{"start":{"line":61,"column":2},"end":{"line":63,"column":3}},{"start":{},"end":{}}],"line":61},"8":{"loc":{"start":{"line":65,"column":2},"end":{"line":67,"column":3}},"type":"if","locations":[{"start":{"line":65,"column":2},"end":{"line":67,"column":3}},{"start":{},"end":{}}],"line":65},"9":{"loc":{"start":{"line":65,"column":6},"end":{"line":65,"column":70}},"type":"binary-expr","locations":[{"start":{"line":65,"column":6},"end":{"line":65,"column":24}},{"start":{"line":65,"column":29},"end":{"line":65,"column":51}},{"start":{"line":65,"column":55},"end":{"line":65,"column":69}}],"line":65},"10":{"loc":{"start":{"line":69,"column":2},"end":{"line":71,"column":3}},"type":"if","locations":[{"start":{"line":69,"column":2},"end":{"line":71,"column":3}},{"start":{},"end":{}}],"line":69},"11":{"loc":{"start":{"line":69,"column":6},"end":{"line":69,"column":36}},"type":"binary-expr","locations":[{"start":{"line":69,"column":6},"end":{"line":69,"column":24}},{"start":{"line":69,"column":28},"end":{"line":69,"column":36}}],"line":69},"12":{"loc":{"start":{"line":75,"column":2},"end":{"line":115,"column":3}},"type":"if","locations":[{"start":{"line":75,"column":2},"end":{"line":115,"column":3}},{"start":{"line":91,"column":9},"end":{"line":115,"column":3}}],"line":75},"13":{"loc":{"start":{"line":76,"column":4},"end":{"line":78,"column":5}},"type":"if","locations":[{"start":{"line":76,"column":4},"end":{"line":78,"column":5}},{"start":{},"end":{}}],"line":76},"14":{"loc":{"start":{"line":79,"column":4},"end":{"line":81,"column":5}},"type":"if","locations":[{"start":{"line":79,"column":4},"end":{"line":81,"column":5}},{"start":{},"end":{}}],"line":79},"15":{"loc":{"start":{"line":82,"column":4},"end":{"line":84,"column":5}},"type":"if","locations":[{"start":{"line":82,"column":4},"end":{"line":84,"column":5}},{"start":{},"end":{}}],"line":82},"16":{"loc":{"start":{"line":82,"column":8},"end":{"line":82,"column":64}},"type":"binary-expr","locations":[{"start":{"line":82,"column":8},"end":{"line":82,"column":18}},{"start":{"line":82,"column":22},"end":{"line":82,"column":64}}],"line":82},"17":{"loc":{"start":{"line":85,"column":4},"end":{"line":87,"column":5}},"type":"if","locations":[{"start":{"line":85,"column":4},"end":{"line":87,"column":5}},{"start":{},"end":{}}],"line":85},"18":{"loc":{"start":{"line":88,"column":4},"end":{"line":90,"column":5}},"type":"if","locations":[{"start":{"line":88,"column":4},"end":{"line":90,"column":5}},{"start":{},"end":{}}],"line":88},"19":{"loc":{"start":{"line":91,"column":9},"end":{"line":115,"column":3}},"type":"if","locations":[{"start":{"line":91,"column":9},"end":{"line":115,"column":3}},{"start":{"line":95,"column":9},"end":{"line":115,"column":3}}],"line":91},"20":{"loc":{"start":{"line":92,"column":4},"end":{"line":94,"column":5}},"type":"if","locations":[{"start":{"line":92,"column":4},"end":{"line":94,"column":5}},{"start":{},"end":{}}],"line":92},"21":{"loc":{"start":{"line":95,"column":9},"end":{"line":115,"column":3}},"type":"if","locations":[{"start":{"line":95,"column":9},"end":{"line":115,"column":3}},{"start":{},"end":{}}],"line":95},"22":{"loc":{"start":{"line":96,"column":4},"end":{"line":98,"column":5}},"type":"if","locations":[{"start":{"line":96,"column":4},"end":{"line":98,"column":5}},{"start":{},"end":{}}],"line":96},"23":{"loc":{"start":{"line":99,"column":4},"end":{"line":101,"column":5}},"type":"if","locations":[{"start":{"line":99,"column":4},"end":{"line":101,"column":5}},{"start":{},"end":{}}],"line":99},"24":{"loc":{"start":{"line":99,"column":8},"end":{"line":99,"column":85}},"type":"binary-expr","locations":[{"start":{"line":99,"column":8},"end":{"line":99,"column":18}},{"start":{"line":99,"column":22},"end":{"line":99,"column":54}},{"start":{"line":99,"column":58},"end":{"line":99,"column":85}}],"line":99},"25":{"loc":{"start":{"line":103,"column":4},"end":{"line":105,"column":5}},"type":"if","locations":[{"start":{"line":103,"column":4},"end":{"line":105,"column":5}},{"start":{},"end":{}}],"line":103},"26":{"loc":{"start":{"line":106,"column":4},"end":{"line":108,"column":5}},"type":"if","locations":[{"start":{"line":106,"column":4},"end":{"line":108,"column":5}},{"start":{},"end":{}}],"line":106},"27":{"loc":{"start":{"line":109,"column":4},"end":{"line":111,"column":5}},"type":"if","locations":[{"start":{"line":109,"column":4},"end":{"line":111,"column":5}},{"start":{},"end":{}}],"line":109},"28":{"loc":{"start":{"line":112,"column":4},"end":{"line":114,"column":5}},"type":"if","locations":[{"start":{"line":112,"column":4},"end":{"line":114,"column":5}},{"start":{},"end":{}}],"line":112},"29":{"loc":{"start":{"line":119,"column":6},"end":{"line":129,"column":7}},"type":"if","locations":[{"start":{"line":119,"column":6},"end":{"line":129,"column":7}},{"start":{"line":127,"column":13},"end":{"line":129,"column":7}}],"line":119},"30":{"loc":{"start":{"line":121,"column":10},"end":{"line":121,"column":38}},"type":"if","locations":[{"start":{"line":121,"column":10},"end":{"line":121,"column":38}},{"start":{},"end":{}}],"line":121},"31":{"loc":{"start":{"line":122,"column":10},"end":{"line":124,"column":11}},"type":"if","locations":[{"start":{"line":122,"column":10},"end":{"line":124,"column":11}},{"start":{},"end":{}}],"line":122},"32":{"loc":{"start":{"line":134,"column":26},"end":{"line":134,"column":61}},"type":"cond-expr","locations":[{"start":{"line":134,"column":47},"end":{"line":134,"column":51}},{"start":{"line":134,"column":54},"end":{"line":134,"column":61}}],"line":134},"33":{"loc":{"start":{"line":137,"column":6},"end":{"line":140,"column":7}},"type":"if","locations":[{"start":{"line":137,"column":6},"end":{"line":140,"column":7}},{"start":{},"end":{}}],"line":137},"34":{"loc":{"start":{"line":142,"column":6},"end":{"line":150,"column":7}},"type":"if","locations":[{"start":{"line":142,"column":6},"end":{"line":150,"column":7}},{"start":{},"end":{}}],"line":142},"35":{"loc":{"start":{"line":144,"column":8},"end":{"line":146,"column":9}},"type":"if","locations":[{"start":{"line":144,"column":8},"end":{"line":146,"column":9}},{"start":{},"end":{}}],"line":144},"36":{"loc":{"start":{"line":144,"column":12},"end":{"line":144,"column":67}},"type":"binary-expr","locations":[{"start":{"line":144,"column":12},"end":{"line":144,"column":25}},{"start":{"line":144,"column":29},"end":{"line":144,"column":67}}],"line":144},"37":{"loc":{"start":{"line":147,"column":8},"end":{"line":149,"column":9}},"type":"if","locations":[{"start":{"line":147,"column":8},"end":{"line":149,"column":9}},{"start":{},"end":{}}],"line":147},"38":{"loc":{"start":{"line":152,"column":30},"end":{"line":152,"column":99}},"type":"cond-expr","locations":[{"start":{"line":152,"column":51},"end":{"line":152,"column":89}},{"start":{"line":152,"column":92},"end":{"line":152,"column":99}}],"line":152},"39":{"loc":{"start":{"line":156,"column":8},"end":{"line":159,"column":9}},"type":"if","locations":[{"start":{"line":156,"column":8},"end":{"line":159,"column":9}},{"start":{},"end":{}}],"line":156},"40":{"loc":{"start":{"line":161,"column":8},"end":{"line":181,"column":9}},"type":"if","locations":[{"start":{"line":161,"column":8},"end":{"line":181,"column":9}},{"start":{"line":170,"column":15},"end":{"line":181,"column":9}}],"line":161},"41":{"loc":{"start":{"line":164,"column":12},"end":{"line":167,"column":13}},"type":"if","locations":[{"start":{"line":164,"column":12},"end":{"line":167,"column":13}},{"start":{},"end":{}}],"line":164},"42":{"loc":{"start":{"line":170,"column":15},"end":{"line":181,"column":9}},"type":"if","locations":[{"start":{"line":170,"column":15},"end":{"line":181,"column":9}},{"start":{"line":179,"column":15},"end":{"line":181,"column":9}}],"line":170},"43":{"loc":{"start":{"line":173,"column":12},"end":{"line":176,"column":13}},"type":"if","locations":[{"start":{"line":173,"column":12},"end":{"line":176,"column":13}},{"start":{},"end":{}}],"line":173},"44":{"loc":{"start":{"line":185,"column":4},"end":{"line":190,"column":5}},"type":"if","locations":[{"start":{"line":185,"column":4},"end":{"line":190,"column":5}},{"start":{"line":187,"column":11},"end":{"line":190,"column":5}}],"line":185},"45":{"loc":{"start":{"line":196,"column":2},"end":{"line":198,"column":3}},"type":"if","locations":[{"start":{"line":196,"column":2},"end":{"line":198,"column":3}},{"start":{},"end":{}}],"line":196},"46":{"loc":{"start":{"line":196,"column":6},"end":{"line":196,"column":25}},"type":"binary-expr","locations":[{"start":{"line":196,"column":6},"end":{"line":196,"column":12}},{"start":{"line":196,"column":16},"end":{"line":196,"column":25}}],"line":196},"47":{"loc":{"start":{"line":203,"column":4},"end":{"line":206,"column":5}},"type":"if","locations":[{"start":{"line":203,"column":4},"end":{"line":206,"column":5}},{"start":{},"end":{}}],"line":203},"48":{"loc":{"start":{"line":208,"column":4},"end":{"line":210,"column":5}},"type":"if","locations":[{"start":{"line":208,"column":4},"end":{"line":210,"column":5}},{"start":{},"end":{}}],"line":208},"49":{"loc":{"start":{"line":216,"column":4},"end":{"line":222,"column":5}},"type":"if","locations":[{"start":{"line":216,"column":4},"end":{"line":222,"column":5}},{"start":{"line":219,"column":11},"end":{"line":222,"column":5}}],"line":216},"50":{"loc":{"start":{"line":219,"column":11},"end":{"line":222,"column":5}},"type":"if","locations":[{"start":{"line":219,"column":11},"end":{"line":222,"column":5}},{"start":{},"end":{}}],"line":219},"51":{"loc":{"start":{"line":234,"column":4},"end":{"line":248,"column":5}},"type":"if","locations":[{"start":{"line":234,"column":4},"end":{"line":248,"column":5}},{"start":{"line":246,"column":11},"end":{"line":248,"column":5}}],"line":234},"52":{"loc":{"start":{"line":236,"column":8},"end":{"line":239,"column":9}},"type":"if","locations":[{"start":{"line":236,"column":8},"end":{"line":239,"column":9}},{"start":{},"end":{}}],"line":236},"53":{"loc":{"start":{"line":240,"column":8},"end":{"line":244,"column":9}},"type":"if","locations":[{"start":{"line":240,"column":8},"end":{"line":244,"column":9}},{"start":{"line":242,"column":15},"end":{"line":244,"column":9}}],"line":240},"54":{"loc":{"start":{"line":254,"column":2},"end":{"line":256,"column":3}},"type":"if","locations":[{"start":{"line":254,"column":2},"end":{"line":256,"column":3}},{"start":{},"end":{}}],"line":254},"55":{"loc":{"start":{"line":254,"column":6},"end":{"line":254,"column":23}},"type":"binary-expr","locations":[{"start":{"line":254,"column":6},"end":{"line":254,"column":14}},{"start":{"line":254,"column":18},"end":{"line":254,"column":23}}],"line":254},"56":{"loc":{"start":{"line":260,"column":4},"end":{"line":263,"column":5}},"type":"if","locations":[{"start":{"line":260,"column":4},"end":{"line":263,"column":5}},{"start":{},"end":{}}],"line":260},"57":{"loc":{"start":{"line":264,"column":4},"end":{"line":268,"column":5}},"type":"if","locations":[{"start":{"line":264,"column":4},"end":{"line":268,"column":5}},{"start":{"line":266,"column":11},"end":{"line":268,"column":5}}],"line":264},"58":{"loc":{"start":{"line":274,"column":4},"end":{"line":274,"column":92}},"type":"if","locations":[{"start":{"line":274,"column":4},"end":{"line":274,"column":92}},{"start":{},"end":{}}],"line":274},"59":{"loc":{"start":{"line":283,"column":4},"end":{"line":283,"column":97}},"type":"if","locations":[{"start":{"line":283,"column":4},"end":{"line":283,"column":97}},{"start":{},"end":{}}],"line":283},"60":{"loc":{"start":{"line":284,"column":4},"end":{"line":284,"column":92}},"type":"if","locations":[{"start":{"line":284,"column":4},"end":{"line":284,"column":92}},{"start":{},"end":{}}],"line":284},"61":{"loc":{"start":{"line":291,"column":4},"end":{"line":291,"column":92}},"type":"if","locations":[{"start":{"line":291,"column":4},"end":{"line":291,"column":92}},{"start":{},"end":{}}],"line":291},"62":{"loc":{"start":{"line":300,"column":2},"end":{"line":302,"column":3}},"type":"if","locations":[{"start":{"line":300,"column":2},"end":{"line":302,"column":3}},{"start":{},"end":{}}],"line":300},"63":{"loc":{"start":{"line":300,"column":6},"end":{"line":300,"column":185}},"type":"binary-expr","locations":[{"start":{"line":300,"column":6},"end":{"line":300,"column":23}},{"start":{"line":300,"column":27},"end":{"line":300,"column":50}},{"start":{"line":300,"column":54},"end":{"line":300,"column":72}},{"start":{"line":300,"column":76},"end":{"line":300,"column":101}},{"start":{"line":300,"column":105},"end":{"line":300,"column":125}},{"start":{"line":300,"column":129},"end":{"line":300,"column":147}},{"start":{"line":300,"column":151},"end":{"line":300,"column":160}},{"start":{"line":300,"column":164},"end":{"line":300,"column":173}},{"start":{"line":300,"column":177},"end":{"line":300,"column":185}}],"line":300},"64":{"loc":{"start":{"line":304,"column":2},"end":{"line":306,"column":3}},"type":"if","locations":[{"start":{"line":304,"column":2},"end":{"line":306,"column":3}},{"start":{},"end":{}}],"line":304},"65":{"loc":{"start":{"line":308,"column":2},"end":{"line":310,"column":3}},"type":"if","locations":[{"start":{"line":308,"column":2},"end":{"line":310,"column":3}},{"start":{},"end":{}}],"line":308},"66":{"loc":{"start":{"line":308,"column":6},"end":{"line":308,"column":84}},"type":"binary-expr","locations":[{"start":{"line":308,"column":6},"end":{"line":308,"column":46}},{"start":{"line":308,"column":50},"end":{"line":308,"column":84}}],"line":308},"67":{"loc":{"start":{"line":313,"column":2},"end":{"line":315,"column":3}},"type":"if","locations":[{"start":{"line":313,"column":2},"end":{"line":315,"column":3}},{"start":{},"end":{}}],"line":313},"68":{"loc":{"start":{"line":313,"column":6},"end":{"line":313,"column":64}},"type":"binary-expr","locations":[{"start":{"line":313,"column":6},"end":{"line":313,"column":24}},{"start":{"line":313,"column":28},"end":{"line":313,"column":43}},{"start":{"line":313,"column":47},"end":{"line":313,"column":64}}],"line":313},"69":{"loc":{"start":{"line":324,"column":2},"end":{"line":326,"column":3}},"type":"if","locations":[{"start":{"line":324,"column":2},"end":{"line":326,"column":3}},{"start":{},"end":{}}],"line":324},"70":{"loc":{"start":{"line":327,"column":2},"end":{"line":329,"column":3}},"type":"if","locations":[{"start":{"line":327,"column":2},"end":{"line":329,"column":3}},{"start":{},"end":{}}],"line":327},"71":{"loc":{"start":{"line":333,"column":2},"end":{"line":335,"column":3}},"type":"if","locations":[{"start":{"line":333,"column":2},"end":{"line":335,"column":3}},{"start":{},"end":{}}],"line":333},"72":{"loc":{"start":{"line":339,"column":2},"end":{"line":341,"column":3}},"type":"if","locations":[{"start":{"line":339,"column":2},"end":{"line":341,"column":3}},{"start":{},"end":{}}],"line":339},"73":{"loc":{"start":{"line":343,"column":2},"end":{"line":345,"column":3}},"type":"if","locations":[{"start":{"line":343,"column":2},"end":{"line":345,"column":3}},{"start":{},"end":{}}],"line":343},"74":{"loc":{"start":{"line":349,"column":4},"end":{"line":352,"column":5}},"type":"if","locations":[{"start":{"line":349,"column":4},"end":{"line":352,"column":5}},{"start":{},"end":{}}],"line":349},"75":{"loc":{"start":{"line":354,"column":4},"end":{"line":356,"column":5}},"type":"if","locations":[{"start":{"line":354,"column":4},"end":{"line":356,"column":5}},{"start":{},"end":{}}],"line":354},"76":{"loc":{"start":{"line":362,"column":6},"end":{"line":365,"column":7}},"type":"if","locations":[{"start":{"line":362,"column":6},"end":{"line":365,"column":7}},{"start":{},"end":{}}],"line":362},"77":{"loc":{"start":{"line":367,"column":6},"end":{"line":369,"column":7}},"type":"if","locations":[{"start":{"line":367,"column":6},"end":{"line":369,"column":7}},{"start":{},"end":{}}],"line":367},"78":{"loc":{"start":{"line":384,"column":8},"end":{"line":387,"column":9}},"type":"if","locations":[{"start":{"line":384,"column":8},"end":{"line":387,"column":9}},{"start":{},"end":{}}],"line":384},"79":{"loc":{"start":{"line":411,"column":4},"end":{"line":414,"column":5}},"type":"if","locations":[{"start":{"line":411,"column":4},"end":{"line":414,"column":5}},{"start":{},"end":{}}],"line":411},"80":{"loc":{"start":{"line":441,"column":4},"end":{"line":444,"column":5}},"type":"if","locations":[{"start":{"line":441,"column":4},"end":{"line":444,"column":5}},{"start":{},"end":{}}],"line":441},"81":{"loc":{"start":{"line":459,"column":4},"end":{"line":462,"column":5}},"type":"if","locations":[{"start":{"line":459,"column":4},"end":{"line":462,"column":5}},{"start":{},"end":{}}],"line":459},"82":{"loc":{"start":{"line":467,"column":0},"end":{"line":471,"column":1}},"type":"if","locations":[{"start":{"line":467,"column":0},"end":{"line":471,"column":1}},{"start":{},"end":{}}],"line":467}},"s":{"0":1,"1":1,"2":1,"3":1,"4":1,"5":1,"6":1,"7":1,"8":1,"9":1,"10":0,"11":0,"12":1,"13":1,"14":1,"15":1,"16":1,"17":1,"18":1,"19":1,"20":1,"21":1,"22":1,"23":1,"24":1,"25":1,"26":1,"27":1,"28":1,"29":1,"30":1,"31":1,"32":1,"33":1,"34":1,"35":1,"36":0,"37":0,"38":0,"39":0,"40":0,"41":0,"42":0,"43":0,"44":0,"45":0,"46":0,"47":0,"48":0,"49":0,"50":0,"51":0,"52":0,"53":0,"54":0,"55":0,"56":0,"57":0,"58":0,"59":0,"60":0,"61":0,"62":0,"63":0,"64":0,"65":0,"66":0,"67":0,"68":0,"69":0,"70":0,"71":0,"72":0,"73":0,"74":0,"75":0,"76":0,"77":0,"78":0,"79":0,"80":0,"81":0,"82":0,"83":0,"84":0,"85":0,"86":0,"87":0,"88":0,"89":0,"90":0,"91":0,"92":0,"93":0,"94":0,"95":0,"96":0,"97":0,"98":0,"99":0,"100":0,"101":0,"102":0,"103":0,"104":0,"105":0,"106":0,"107":0,"108":0,"109":0,"110":0,"111":0,"112":0,"113":0,"114":0,"115":0,"116":0,"117":0,"118":0,"119":0,"120":0,"121":0,"122":0,"123":0,"124":0,"125":1,"126":3,"127":3,"128":0,"129":3,"130":3,"131":3,"132":0,"133":0,"134":3,"135":2,"136":1,"137":1,"138":1,"139":1,"140":0,"141":0,"142":1,"143":1,"144":1,"145":1,"146":1,"147":1,"148":1,"149":1,"150":0,"151":0,"152":1,"153":1,"154":0,"155":0,"156":1,"157":2,"158":2,"159":0,"160":2,"161":2,"162":2,"163":0,"164":0,"165":2,"166":1,"167":1,"168":1,"169":1,"170":1,"171":0,"172":1,"173":1,"174":0,"175":0,"176":0,"177":0,"178":0,"179":0,"180":0,"181":0,"182":1,"183":0,"184":0,"185":0,"186":0,"187":1,"188":2,"189":2,"190":2,"191":0,"192":2,"193":0,"194":2,"195":1,"196":1,"197":1,"198":0,"199":1,"200":1,"201":1,"202":1,"203":1,"204":1,"205":1,"206":0,"207":1,"208":0,"209":1,"210":1,"211":1,"212":0,"213":1,"214":1,"215":1,"216":0,"217":1,"218":0,"219":1,"220":1,"221":1,"222":0,"223":0,"224":1,"225":0,"226":1,"227":1,"228":1,"229":1,"230":0,"231":0,"232":1,"233":0,"234":1,"235":1,"236":1,"237":1,"238":1,"239":0,"240":0,"241":1,"242":1,"243":0,"244":0,"245":0,"246":0,"247":0,"248":0,"249":1,"250":0,"251":0,"252":0,"253":0,"254":0,"255":0,"256":0,"257":0,"258":0,"259":1,"260":0,"261":0,"262":0,"263":0,"264":0,"265":0,"266":1,"267":0,"268":0,"269":1},"f":{"0":1,"1":0,"2":0,"3":0,"4":0,"5":0,"6":0,"7":0,"8":0,"9":0,"10":0,"11":0,"12":3,"13":3,"14":1,"15":1,"16":2,"17":2,"18":1,"19":1,"20":0,"21":0,"22":0,"23":0,"24":2,"25":1,"26":1,"27":1,"28":0,"29":0,"30":0,"31":0,"32":0,"33":0,"34":0},"b":{"0":[1,0],"1":[1,0],"2":[1,0],"3":[1,0],"4":[0,1],"5":[0,0],"6":[0,0,0,0],"7":[0,0],"8":[0,0],"9":[0,0,0],"10":[0,0],"11":[0,0],"12":[0,0],"13":[0,0],"14":[0,0],"15":[0,0],"16":[0,0],"17":[0,0],"18":[0,0],"19":[0,0],"20":[0,0],"21":[0,0],"22":[0,0],"23":[0,0],"24":[0,0,0],"25":[0,0],"26":[0,0],"27":[0,0],"28":[0,0],"29":[0,0],"30":[0,0],"31":[0,0],"32":[0,0],"33":[0,0],"34":[0,0],"35":[0,0],"36":[0,0],"37":[0,0],"38":[0,0],"39":[0,0],"40":[0,0],"41":[0,0],"42":[0,0],"43":[0,0],"44":[0,0],"45":[0,3],"46":[3,3],"47":[0,3],"48":[2,1],"49":[0,1],"50":[1,0],"51":[1,0],"52":[0,1],"53":[1,0],"54":[0,2],"55":[2,2],"56":[0,2],"57":[1,1],"58":[0,1],"59":[0,0],"60":[0,0],"61":[0,0],"62":[0,2],"63":[2,2,2,2,2,2,2,2,2],"64":[0,2],"65":[1,1],"66":[2,2],"67":[0,1],"68":[1,1,1],"69":[0,1],"70":[0,1],"71":[0,1],"72":[0,1],"73":[0,1],"74":[0,1],"75":[0,1],"76":[0,1],"77":[0,1],"78":[0,1],"79":[0,0],"80":[0,0],"81":[0,0],"82":[0,1]},"_coverageSchema":"1a1c01bbd47fc00a2c39e90264f33305004495a9","hash":"8eeaf8b4cccf3708d3628265d0ef196b73279043"}
,"C:\\Users\\user\\Desktop\\GP_Project\\backend\\database\\DatabaseControl.js": {"path":"C:\\Users\\user\\Desktop\\GP_Project\\backend\\database\\DatabaseControl.js","statementMap":{"0":{"start":{"line":4,"column":8},"end":{"line":4,"column":31}},"1":{"start":{"line":7,"column":19},"end":{"line":7,"column":68}},"2":{"start":{"line":8,"column":23},"end":{"line":8,"column":76}},"3":{"start":{"line":9,"column":22},"end":{"line":9,"column":74}},"4":{"start":{"line":10,"column":24},"end":{"line":10,"column":78}},"5":{"start":{"line":11,"column":23},"end":{"line":11,"column":76}},"6":{"start":{"line":12,"column":19},"end":{"line":12,"column":68}},"7":{"start":{"line":13,"column":18},"end":{"line":13,"column":66}},"8":{"start":{"line":14,"column":23},"end":{"line":14,"column":76}},"9":{"start":{"line":15,"column":22},"end":{"line":15,"column":74}},"10":{"start":{"line":16,"column":23},"end":{"line":16,"column":76}},"11":{"start":{"line":17,"column":22},"end":{"line":17,"column":74}},"12":{"start":{"line":18,"column":21},"end":{"line":18,"column":72}},"13":{"start":{"line":19,"column":20},"end":{"line":19,"column":70}},"14":{"start":{"line":20,"column":25},"end":{"line":20,"column":80}},"15":{"start":{"line":21,"column":24},"end":{"line":21,"column":78}},"16":{"start":{"line":22,"column":33},"end":{"line":22,"column":96}},"17":{"start":{"line":23,"column":32},"end":{"line":23,"column":94}},"18":{"start":{"line":24,"column":24},"end":{"line":24,"column":78}},"19":{"start":{"line":25,"column":23},"end":{"line":25,"column":76}},"20":{"start":{"line":27,"column":0},"end":{"line":27,"column":33}}},"fnMap":{"0":{"name":"(anonymous_0)","decl":{"start":{"line":3,"column":4},"end":{"line":3,"column":5}},"loc":{"start":{"line":3,"column":30},"end":{"line":5,"column":5}},"line":3},"1":{"name":"(anonymous_1)","decl":{"start":{"line":7,"column":4},"end":{"line":7,"column":5}},"loc":{"start":{"line":7,"column":17},"end":{"line":7,"column":70}},"line":7},"2":{"name":"(anonymous_2)","decl":{"start":{"line":8,"column":4},"end":{"line":8,"column":5}},"loc":{"start":{"line":8,"column":21},"end":{"line":8,"column":78}},"line":8},"3":{"name":"(anonymous_3)","decl":{"start":{"line":9,"column":4},"end":{"line":9,"column":5}},"loc":{"start":{"line":9,"column":20},"end":{"line":9,"column":76}},"line":9},"4":{"name":"(anonymous_4)","decl":{"start":{"line":10,"column":4},"end":{"line":10,"column":5}},"loc":{"start":{"line":10,"column":22},"end":{"line":10,"column":80}},"line":10},"5":{"name":"(anonymous_5)","decl":{"start":{"line":11,"column":4},"end":{"line":11,"column":5}},"loc":{"start":{"line":11,"column":21},"end":{"line":11,"column":78}},"line":11},"6":{"name":"(anonymous_6)","decl":{"start":{"line":12,"column":4},"end":{"line":12,"column":5}},"loc":{"start":{"line":12,"column":17},"end":{"line":12,"column":70}},"line":12},"7":{"name":"(anonymous_7)","decl":{"start":{"line":13,"column":4},"end":{"line":13,"column":5}},"loc":{"start":{"line":13,"column":16},"end":{"line":13,"column":68}},"line":13},"8":{"name":"(anonymous_8)","decl":{"start":{"line":14,"column":4},"end":{"line":14,"column":5}},"loc":{"start":{"line":14,"column":21},"end":{"line":14,"column":78}},"line":14},"9":{"name":"(anonymous_9)","decl":{"start":{"line":15,"column":4},"end":{"line":15,"column":5}},"loc":{"start":{"line":15,"column":20},"end":{"line":15,"column":76}},"line":15},"10":{"name":"(anonymous_10)","decl":{"start":{"line":16,"column":4},"end":{"line":16,"column":5}},"loc":{"start":{"line":16,"column":21},"end":{"line":16,"column":78}},"line":16},"11":{"name":"(anonymous_11)","decl":{"start":{"line":17,"column":4},"end":{"line":17,"column":5}},"loc":{"start":{"line":17,"column":20},"end":{"line":17,"column":76}},"line":17},"12":{"name":"(anonymous_12)","decl":{"start":{"line":18,"column":4},"end":{"line":18,"column":5}},"loc":{"start":{"line":18,"column":19},"end":{"line":18,"column":74}},"line":18},"13":{"name":"(anonymous_13)","decl":{"start":{"line":19,"column":4},"end":{"line":19,"column":5}},"loc":{"start":{"line":19,"column":18},"end":{"line":19,"column":72}},"line":19},"14":{"name":"(anonymous_14)","decl":{"start":{"line":20,"column":4},"end":{"line":20,"column":5}},"loc":{"start":{"line":20,"column":23},"end":{"line":20,"column":82}},"line":20},"15":{"name":"(anonymous_15)","decl":{"start":{"line":21,"column":4},"end":{"line":21,"column":5}},"loc":{"start":{"line":21,"column":22},"end":{"line":21,"column":80}},"line":21},"16":{"name":"(anonymous_16)","decl":{"start":{"line":22,"column":4},"end":{"line":22,"column":5}},"loc":{"start":{"line":22,"column":31},"end":{"line":22,"column":98}},"line":22},"17":{"name":"(anonymous_17)","decl":{"start":{"line":23,"column":4},"end":{"line":23,"column":5}},"loc":{"start":{"line":23,"column":30},"end":{"line":23,"column":96}},"line":23},"18":{"name":"(anonymous_18)","decl":{"start":{"line":24,"column":4},"end":{"line":24,"column":5}},"loc":{"start":{"line":24,"column":22},"end":{"line":24,"column":80}},"line":24},"19":{"name":"(anonymous_19)","decl":{"start":{"line":25,"column":4},"end":{"line":25,"column":5}},"loc":{"start":{"line":25,"column":21},"end":{"line":25,"column":78}},"line":25}},"branchMap":{},"s":{"0":1,"1":0,"2":0,"3":0,"4":0,"5":0,"6":0,"7":0,"8":0,"9":0,"10":0,"11":0,"12":0,"13":0,"14":0,"15":0,"16":0,"17":0,"18":0,"19":0,"20":1},"f":{"0":1,"1":0,"2":0,"3":0,"4":0,"5":0,"6":0,"7":0,"8":0,"9":0,"10":0,"11":0,"12":0,"13":0,"14":0,"15":0,"16":0,"17":0,"18":0,"19":0},"b":{},"_coverageSchema":"1a1c01bbd47fc00a2c39e90264f33305004495a9","hash":"f82ff17e5c850ad19c4536bb5a31244a8e747f13"}
,"C:\\Users\\user\\Desktop\\GP_Project\\backend\\services\\AccreditationService.js": {"path":"C:\\Users\\user\\Desktop\\GP_Project\\backend\\services\\AccreditationService.js","statementMap":{"0":{"start":{"line":4,"column":8},"end":{"line":4,"column":35}},"1":{"start":{"line":8,"column":8},"end":{"line":8,"column":72}},"2":{"start":{"line":12,"column":8},"end":{"line":12,"column":76}},"3":{"start":{"line":15,"column":0},"end":{"line":15,"column":38}}},"fnMap":{"0":{"name":"(anonymous_0)","decl":{"start":{"line":3,"column":4},"end":{"line":3,"column":5}},"loc":{"start":{"line":3,"column":27},"end":{"line":5,"column":5}},"line":3},"1":{"name":"(anonymous_1)","decl":{"start":{"line":7,"column":4},"end":{"line":7,"column":5}},"loc":{"start":{"line":7,"column":45},"end":{"line":9,"column":5}},"line":7},"2":{"name":"(anonymous_2)","decl":{"start":{"line":11,"column":4},"end":{"line":11,"column":5}},"loc":{"start":{"line":11,"column":31},"end":{"line":13,"column":5}},"line":11}},"branchMap":{},"s":{"0":1,"1":0,"2":0,"3":1},"f":{"0":1,"1":0,"2":0},"b":{},"_coverageSchema":"1a1c01bbd47fc00a2c39e90264f33305004495a9","hash":"0f04e4239fb11bed651cbb3e8269bca02bef7990"}
,"C:\\Users\\user\\Desktop\\GP_Project\\backend\\services\\ApplicationService.js": {"path":"C:\\Users\\user\\Desktop\\GP_Project\\backend\\services\\ApplicationService.js","statementMap":{"0":{"start":{"line":4,"column":8},"end":{"line":4,"column":35}},"1":{"start":{"line":8,"column":8},"end":{"line":8,"column":68}},"2":{"start":{"line":12,"column":8},"end":{"line":12,"column":65}},"3":{"start":{"line":16,"column":0},"end":{"line":16,"column":36}}},"fnMap":{"0":{"name":"(anonymous_0)","decl":{"start":{"line":3,"column":4},"end":{"line":3,"column":5}},"loc":{"start":{"line":3,"column":27},"end":{"line":5,"column":5}},"line":3},"1":{"name":"(anonymous_1)","decl":{"start":{"line":7,"column":4},"end":{"line":7,"column":5}},"loc":{"start":{"line":7,"column":48},"end":{"line":9,"column":5}},"line":7},"2":{"name":"(anonymous_2)","decl":{"start":{"line":11,"column":4},"end":{"line":11,"column":5}},"loc":{"start":{"line":11,"column":31},"end":{"line":13,"column":5}},"line":11}},"branchMap":{},"s":{"0":1,"1":0,"2":0,"3":1},"f":{"0":1,"1":0,"2":0},"b":{},"_coverageSchema":"1a1c01bbd47fc00a2c39e90264f33305004495a9","hash":"a567ccb2d996f9d7ae413acda66588e83e84a6ca"}
,"C:\\Users\\user\\Desktop\\GP_Project\\backend\\services\\AttendanceService.js": {"path":"C:\\Users\\user\\Desktop\\GP_Project\\backend\\services\\AttendanceService.js","statementMap":{"0":{"start":{"line":4,"column":8},"end":{"line":4,"column":35}},"1":{"start":{"line":8,"column":8},"end":{"line":8,"column":65}},"2":{"start":{"line":12,"column":8},"end":{"line":12,"column":62}},"3":{"start":{"line":16,"column":0},"end":{"line":16,"column":35}}},"fnMap":{"0":{"name":"(anonymous_0)","decl":{"start":{"line":3,"column":4},"end":{"line":3,"column":5}},"loc":{"start":{"line":3,"column":27},"end":{"line":5,"column":5}},"line":3},"1":{"name":"(anonymous_1)","decl":{"start":{"line":7,"column":4},"end":{"line":7,"column":5}},"loc":{"start":{"line":7,"column":46},"end":{"line":9,"column":5}},"line":7},"2":{"name":"(anonymous_2)","decl":{"start":{"line":11,"column":4},"end":{"line":11,"column":5}},"loc":{"start":{"line":11,"column":29},"end":{"line":13,"column":5}},"line":11}},"branchMap":{},"s":{"0":1,"1":0,"2":0,"3":1},"f":{"0":1,"1":0,"2":0},"b":{},"_coverageSchema":"1a1c01bbd47fc00a2c39e90264f33305004495a9","hash":"fc0208394aa7f14af8f0f6937d51a67b6ef92666"}
,"C:\\Users\\user\\Desktop\\GP_Project\\backend\\services\\AuthService.js": {"path":"C:\\Users\\user\\Desktop\\GP_Project\\backend\\services\\AuthService.js","statementMap":{"0":{"start":{"line":4,"column":8},"end":{"line":4,"column":35}},"1":{"start":{"line":8,"column":8},"end":{"line":8,"column":48}},"2":{"start":{"line":12,"column":8},"end":{"line":12,"column":51}},"3":{"start":{"line":16,"column":0},"end":{"line":16,"column":29}}},"fnMap":{"0":{"name":"(anonymous_0)","decl":{"start":{"line":3,"column":4},"end":{"line":3,"column":5}},"loc":{"start":{"line":3,"column":27},"end":{"line":5,"column":5}},"line":3},"1":{"name":"(anonymous_1)","decl":{"start":{"line":7,"column":4},"end":{"line":7,"column":5}},"loc":{"start":{"line":7,"column":27},"end":{"line":9,"column":5}},"line":7},"2":{"name":"(anonymous_2)","decl":{"start":{"line":11,"column":4},"end":{"line":11,"column":5}},"loc":{"start":{"line":11,"column":23},"end":{"line":13,"column":5}},"line":11}},"branchMap":{},"s":{"0":1,"1":0,"2":0,"3":1},"f":{"0":1,"1":0,"2":0},"b":{},"_coverageSchema":"1a1c01bbd47fc00a2c39e90264f33305004495a9","hash":"f0702ea45548d65783300bfc32d8dc4e20be3c9f"}
,"C:\\Users\\user\\Desktop\\GP_Project\\backend\\services\\EvaluationService.js": {"path":"C:\\Users\\user\\Desktop\\GP_Project\\backend\\services\\EvaluationService.js","statementMap":{"0":{"start":{"line":4,"column":8},"end":{"line":4,"column":35}},"1":{"start":{"line":8,"column":8},"end":{"line":8,"column":65}},"2":{"start":{"line":12,"column":8},"end":{"line":12,"column":62}},"3":{"start":{"line":16,"column":0},"end":{"line":16,"column":35}}},"fnMap":{"0":{"name":"(anonymous_0)","decl":{"start":{"line":3,"column":4},"end":{"line":3,"column":5}},"loc":{"start":{"line":3,"column":27},"end":{"line":5,"column":5}},"line":3},"1":{"name":"(anonymous_1)","decl":{"start":{"line":7,"column":4},"end":{"line":7,"column":5}},"loc":{"start":{"line":7,"column":31},"end":{"line":9,"column":5}},"line":7},"2":{"name":"(anonymous_2)","decl":{"start":{"line":11,"column":4},"end":{"line":11,"column":5}},"loc":{"start":{"line":11,"column":29},"end":{"line":13,"column":5}},"line":11}},"branchMap":{},"s":{"0":1,"1":0,"2":0,"3":1},"f":{"0":1,"1":0,"2":0},"b":{},"_coverageSchema":"1a1c01bbd47fc00a2c39e90264f33305004495a9","hash":"2e494570a08cced1f3de526992cdeed5834e18fb"}
,"C:\\Users\\user\\Desktop\\GP_Project\\backend\\services\\InternshipService.js": {"path":"C:\\Users\\user\\Desktop\\GP_Project\\backend\\services\\InternshipService.js","statementMap":{"0":{"start":{"line":4,"column":8},"end":{"line":4,"column":35}},"1":{"start":{"line":8,"column":8},"end":{"line":8,"column":63}},"2":{"start":{"line":12,"column":8},"end":{"line":12,"column":63}},"3":{"start":{"line":16,"column":8},"end":{"line":16,"column":66}},"4":{"start":{"line":20,"column":0},"end":{"line":20,"column":35}}},"fnMap":{"0":{"name":"(anonymous_0)","decl":{"start":{"line":3,"column":4},"end":{"line":3,"column":5}},"loc":{"start":{"line":3,"column":27},"end":{"line":5,"column":5}},"line":3},"1":{"name":"(anonymous_1)","decl":{"start":{"line":7,"column":4},"end":{"line":7,"column":5}},"loc":{"start":{"line":7,"column":25},"end":{"line":9,"column":5}},"line":7},"2":{"name":"(anonymous_2)","decl":{"start":{"line":11,"column":4},"end":{"line":11,"column":5}},"loc":{"start":{"line":11,"column":21},"end":{"line":13,"column":5}},"line":11},"3":{"name":"(anonymous_3)","decl":{"start":{"line":15,"column":4},"end":{"line":15,"column":5}},"loc":{"start":{"line":15,"column":32},"end":{"line":17,"column":5}},"line":15}},"branchMap":{},"s":{"0":1,"1":0,"2":0,"3":0,"4":1},"f":{"0":1,"1":0,"2":0,"3":0},"b":{},"_coverageSchema":"1a1c01bbd47fc00a2c39e90264f33305004495a9","hash":"d97e76807136507f64533ceaa627086aa09d5f75"}
,"C:\\Users\\user\\Desktop\\GP_Project\\backend\\services\\NotificationService.js": {"path":"C:\\Users\\user\\Desktop\\GP_Project\\backend\\services\\NotificationService.js","statementMap":{"0":{"start":{"line":4,"column":8},"end":{"line":4,"column":35}},"1":{"start":{"line":8,"column":8},"end":{"line":8,"column":67}},"2":{"start":{"line":12,"column":8},"end":{"line":12,"column":67}},"3":{"start":{"line":16,"column":0},"end":{"line":16,"column":37}}},"fnMap":{"0":{"name":"(anonymous_0)","decl":{"start":{"line":3,"column":4},"end":{"line":3,"column":5}},"loc":{"start":{"line":3,"column":27},"end":{"line":5,"column":5}},"line":3},"1":{"name":"(anonymous_1)","decl":{"start":{"line":7,"column":4},"end":{"line":7,"column":5}},"loc":{"start":{"line":7,"column":38},"end":{"line":9,"column":5}},"line":7},"2":{"name":"(anonymous_2)","decl":{"start":{"line":11,"column":4},"end":{"line":11,"column":5}},"loc":{"start":{"line":11,"column":29},"end":{"line":13,"column":5}},"line":11}},"branchMap":{},"s":{"0":1,"1":0,"2":0,"3":1},"f":{"0":1,"1":0,"2":0},"b":{},"_coverageSchema":"1a1c01bbd47fc00a2c39e90264f33305004495a9","hash":"a6b4412b5a8ab68bd6840ec94890324ac8baf8b9"}
,"C:\\Users\\user\\Desktop\\GP_Project\\backend\\services\\ProgressService.js": {"path":"C:\\Users\\user\\Desktop\\GP_Project\\backend\\services\\ProgressService.js","statementMap":{"0":{"start":{"line":4,"column":8},"end":{"line":4,"column":35}},"1":{"start":{"line":8,"column":8},"end":{"line":8,"column":61}},"2":{"start":{"line":12,"column":8},"end":{"line":12,"column":58}},"3":{"start":{"line":16,"column":0},"end":{"line":16,"column":33}}},"fnMap":{"0":{"name":"(anonymous_0)","decl":{"start":{"line":3,"column":4},"end":{"line":3,"column":5}},"loc":{"start":{"line":3,"column":27},"end":{"line":5,"column":5}},"line":3},"1":{"name":"(anonymous_1)","decl":{"start":{"line":7,"column":4},"end":{"line":7,"column":5}},"loc":{"start":{"line":7,"column":44},"end":{"line":9,"column":5}},"line":7},"2":{"name":"(anonymous_2)","decl":{"start":{"line":11,"column":4},"end":{"line":11,"column":5}},"loc":{"start":{"line":11,"column":27},"end":{"line":13,"column":5}},"line":11}},"branchMap":{},"s":{"0":1,"1":0,"2":0,"3":1},"f":{"0":1,"1":0,"2":0},"b":{},"_coverageSchema":"1a1c01bbd47fc00a2c39e90264f33305004495a9","hash":"c145076a1d760b916cd11ed91d275e520163dc40"}
,"C:\\Users\\user\\Desktop\\GP_Project\\backend\\services\\ReportService.js": {"path":"C:\\Users\\user\\Desktop\\GP_Project\\backend\\services\\ReportService.js","statementMap":{"0":{"start":{"line":4,"column":8},"end":{"line":4,"column":35}},"1":{"start":{"line":8,"column":8},"end":{"line":8,"column":57}},"2":{"start":{"line":12,"column":8},"end":{"line":12,"column":55}},"3":{"start":{"line":16,"column":0},"end":{"line":16,"column":31}}},"fnMap":{"0":{"name":"(anonymous_0)","decl":{"start":{"line":3,"column":4},"end":{"line":3,"column":5}},"loc":{"start":{"line":3,"column":27},"end":{"line":5,"column":5}},"line":3},"1":{"name":"(anonymous_1)","decl":{"start":{"line":7,"column":4},"end":{"line":7,"column":5}},"loc":{"start":{"line":7,"column":29},"end":{"line":9,"column":5}},"line":7},"2":{"name":"(anonymous_2)","decl":{"start":{"line":11,"column":4},"end":{"line":11,"column":5}},"loc":{"start":{"line":11,"column":29},"end":{"line":13,"column":5}},"line":11}},"branchMap":{},"s":{"0":1,"1":0,"2":0,"3":1},"f":{"0":1,"1":0,"2":0},"b":{},"_coverageSchema":"1a1c01bbd47fc00a2c39e90264f33305004495a9","hash":"18bdfdb0412c3ddf826d9ff1128f2dd4851996ca"}
,"C:\\Users\\user\\Desktop\\GP_Project\\backend\\services\\VisitService.js": {"path":"C:\\Users\\user\\Desktop\\GP_Project\\backend\\services\\VisitService.js","statementMap":{"0":{"start":{"line":4,"column":8},"end":{"line":4,"column":35}},"1":{"start":{"line":8,"column":8},"end":{"line":8,"column":57}},"2":{"start":{"line":12,"column":8},"end":{"line":12,"column":53}},"3":{"start":{"line":16,"column":0},"end":{"line":16,"column":30}}},"fnMap":{"0":{"name":"(anonymous_0)","decl":{"start":{"line":3,"column":4},"end":{"line":3,"column":5}},"loc":{"start":{"line":3,"column":27},"end":{"line":5,"column":5}},"line":3},"1":{"name":"(anonymous_1)","decl":{"start":{"line":7,"column":4},"end":{"line":7,"column":5}},"loc":{"start":{"line":7,"column":49},"end":{"line":9,"column":5}},"line":7},"2":{"name":"(anonymous_2)","decl":{"start":{"line":11,"column":4},"end":{"line":11,"column":5}},"loc":{"start":{"line":11,"column":28},"end":{"line":13,"column":5}},"line":11}},"branchMap":{},"s":{"0":1,"1":0,"2":0,"3":1},"f":{"0":1,"1":0,"2":0},"b":{},"_coverageSchema":"1a1c01bbd47fc00a2c39e90264f33305004495a9","hash":"97ba6149c1c7583c2d7e57e4d42f934e2b70fbff"}
,"C:\\Users\\user\\Desktop\\GP_Project\\backend\\utils\\validation.js": {"path":"C:\\Users\\user\\Desktop\\GP_Project\\backend\\utils\\validation.js","statementMap":{"0":{"start":{"line":4,"column":0},"end":{"line":4,"column":47}},"1":{"start":{"line":6,"column":2},"end":{"line":6,"column":38}},"2":{"start":{"line":12,"column":2},"end":{"line":12,"column":38}},"3":{"start":{"line":18,"column":2},"end":{"line":18,"column":44}},"4":{"start":{"line":24,"column":2},"end":{"line":24,"column":30}},"5":{"start":{"line":30,"column":2},"end":{"line":30,"column":29}},"6":{"start":{"line":36,"column":2},"end":{"line":36,"column":47}},"7":{"start":{"line":42,"column":2},"end":{"line":51,"column":4}},"8":{"start":{"line":59,"column":2},"end":{"line":64,"column":4}},"9":{"start":{"line":70,"column":2},"end":{"line":71,"column":29}},"10":{"start":{"line":76,"column":2},"end":{"line":77,"column":34}},"11":{"start":{"line":82,"column":14},"end":{"line":82,"column":30}},"12":{"start":{"line":84,"column":2},"end":{"line":86,"column":20}},"13":{"start":{"line":91,"column":2},"end":{"line":92,"column":32}},"14":{"start":{"line":97,"column":14},"end":{"line":97,"column":32}},"15":{"start":{"line":99,"column":2},"end":{"line":101,"column":18}},"16":{"start":{"line":106,"column":2},"end":{"line":107,"column":32}},"17":{"start":{"line":112,"column":2},"end":{"line":114,"column":3}},"18":{"start":{"line":113,"column":4},"end":{"line":113,"column":17}},"19":{"start":{"line":116,"column":26},"end":{"line":121,"column":3}},"20":{"start":{"line":123,"column":2},"end":{"line":125,"column":4}},"21":{"start":{"line":124,"column":4},"end":{"line":124,"column":26}},"22":{"start":{"line":131,"column":2},"end":{"line":131,"column":35}},"23":{"start":{"line":137,"column":2},"end":{"line":138,"column":29}},"24":{"start":{"line":144,"column":2},"end":{"line":144,"column":40}},"25":{"start":{"line":150,"column":16},"end":{"line":150,"column":26}},"26":{"start":{"line":151,"column":2},"end":{"line":151,"column":26}},"27":{"start":{"line":153,"column":16},"end":{"line":153,"column":35}},"28":{"start":{"line":154,"column":2},"end":{"line":154,"column":26}},"29":{"start":{"line":156,"column":24},"end":{"line":156,"column":39}},"30":{"start":{"line":157,"column":2},"end":{"line":157,"column":47}},"31":{"start":{"line":159,"column":2},"end":{"line":160,"column":32}},"32":{"start":{"line":166,"column":16},"end":{"line":166,"column":35}},"33":{"start":{"line":167,"column":14},"end":{"line":167,"column":31}},"34":{"start":{"line":169,"column":2},"end":{"line":171,"column":3}},"35":{"start":{"line":170,"column":4},"end":{"line":170,"column":17}},"36":{"start":{"line":173,"column":17},"end":{"line":173,"column":32}},"37":{"start":{"line":174,"column":2},"end":{"line":174,"column":40}},"38":{"start":{"line":176,"column":2},"end":{"line":176,"column":23}},"39":{"start":{"line":179,"column":0},"end":{"line":202,"column":2}}},"fnMap":{"0":{"name":"validatePassword","decl":{"start":{"line":1,"column":9},"end":{"line":1,"column":25}},"loc":{"start":{"line":1,"column":36},"end":{"line":8,"column":1}},"line":1},"1":{"name":"confirmPassword","decl":{"start":{"line":10,"column":9},"end":{"line":10,"column":24}},"loc":{"start":{"line":10,"column":52},"end":{"line":14,"column":1}},"line":10},"2":{"name":"validateStudentEmail","decl":{"start":{"line":16,"column":9},"end":{"line":16,"column":29}},"loc":{"start":{"line":16,"column":37},"end":{"line":20,"column":1}},"line":16},"3":{"name":"validateStudentId","decl":{"start":{"line":22,"column":9},"end":{"line":22,"column":26}},"loc":{"start":{"line":22,"column":31},"end":{"line":26,"column":1}},"line":22},"4":{"name":"validatePhone","decl":{"start":{"line":28,"column":9},"end":{"line":28,"column":22}},"loc":{"start":{"line":28,"column":30},"end":{"line":32,"column":1}},"line":28},"5":{"name":"validateFullName","decl":{"start":{"line":34,"column":9},"end":{"line":34,"column":25}},"loc":{"start":{"line":34,"column":32},"end":{"line":38,"column":1}},"line":34},"6":{"name":"validateRegister","decl":{"start":{"line":40,"column":9},"end":{"line":40,"column":25}},"loc":{"start":{"line":40,"column":32},"end":{"line":53,"column":1}},"line":40},"7":{"name":"validateLogin","decl":{"start":{"line":57,"column":9},"end":{"line":57,"column":22}},"loc":{"start":{"line":57,"column":29},"end":{"line":67,"column":1}},"line":57},"8":{"name":"validateInternshipTitle","decl":{"start":{"line":68,"column":9},"end":{"line":68,"column":32}},"loc":{"start":{"line":68,"column":40},"end":{"line":73,"column":1}},"line":68},"9":{"name":"validateInternshipDescription","decl":{"start":{"line":74,"column":9},"end":{"line":74,"column":38}},"loc":{"start":{"line":74,"column":52},"end":{"line":79,"column":1}},"line":74},"10":{"name":"validateStudentsRequired","decl":{"start":{"line":80,"column":9},"end":{"line":80,"column":33}},"loc":{"start":{"line":80,"column":42},"end":{"line":88,"column":1}},"line":80},"11":{"name":"validateLocation","decl":{"start":{"line":89,"column":9},"end":{"line":89,"column":25}},"loc":{"start":{"line":89,"column":36},"end":{"line":94,"column":1}},"line":89},"12":{"name":"validateTrainingDuration","decl":{"start":{"line":95,"column":9},"end":{"line":95,"column":33}},"loc":{"start":{"line":95,"column":44},"end":{"line":103,"column":1}},"line":95},"13":{"name":"validateCategory","decl":{"start":{"line":104,"column":9},"end":{"line":104,"column":25}},"loc":{"start":{"line":104,"column":36},"end":{"line":109,"column":1}},"line":104},"14":{"name":"validateCompanyEmail","decl":{"start":{"line":110,"column":9},"end":{"line":110,"column":29}},"loc":{"start":{"line":110,"column":37},"end":{"line":127,"column":1}},"line":110},"15":{"name":"(anonymous_15)","decl":{"start":{"line":123,"column":31},"end":{"line":123,"column":32}},"loc":{"start":{"line":124,"column":4},"end":{"line":124,"column":26}},"line":124},"16":{"name":"validateCommercialNumber","decl":{"start":{"line":129,"column":9},"end":{"line":129,"column":33}},"loc":{"start":{"line":129,"column":42},"end":{"line":133,"column":1}},"line":129},"17":{"name":"validateSpecialization","decl":{"start":{"line":135,"column":9},"end":{"line":135,"column":31}},"loc":{"start":{"line":135,"column":39},"end":{"line":140,"column":1}},"line":135},"18":{"name":"validateSupervisorEmail","decl":{"start":{"line":142,"column":9},"end":{"line":142,"column":32}},"loc":{"start":{"line":142,"column":40},"end":{"line":146,"column":1}},"line":142},"19":{"name":"validateStartDate","decl":{"start":{"line":148,"column":9},"end":{"line":148,"column":26}},"loc":{"start":{"line":148,"column":38},"end":{"line":162,"column":1}},"line":148},"20":{"name":"validateEndDate","decl":{"start":{"line":164,"column":9},"end":{"line":164,"column":24}},"loc":{"start":{"line":164,"column":45},"end":{"line":178,"column":1}},"line":164}},"branchMap":{"0":{"loc":{"start":{"line":44,"column":4},"end":{"line":49,"column":31}},"type":"binary-expr","locations":[{"start":{"line":44,"column":4},"end":{"line":44,"column":35}},{"start":{"line":45,"column":4},"end":{"line":45,"column":56}},{"start":{"line":46,"column":4},"end":{"line":46,"column":36}},{"start":{"line":47,"column":4},"end":{"line":47,"column":30}},{"start":{"line":48,"column":4},"end":{"line":48,"column":29}},{"start":{"line":49,"column":4},"end":{"line":49,"column":31}}],"line":44},"1":{"loc":{"start":{"line":61,"column":4},"end":{"line":62,"column":24}},"type":"binary-expr","locations":[{"start":{"line":61,"column":4},"end":{"line":61,"column":21}},{"start":{"line":62,"column":4},"end":{"line":62,"column":24}}],"line":61},"2":{"loc":{"start":{"line":70,"column":9},"end":{"line":71,"column":28}},"type":"binary-expr","locations":[{"start":{"line":70,"column":9},"end":{"line":70,"column":36}},{"start":{"line":71,"column":9},"end":{"line":71,"column":28}}],"line":70},"3":{"loc":{"start":{"line":76,"column":9},"end":{"line":77,"column":33}},"type":"binary-expr","locations":[{"start":{"line":76,"column":9},"end":{"line":76,"column":37}},{"start":{"line":77,"column":9},"end":{"line":77,"column":33}}],"line":76},"4":{"loc":{"start":{"line":84,"column":9},"end":{"line":86,"column":19}},"type":"binary-expr","locations":[{"start":{"line":84,"column":9},"end":{"line":84,"column":20}},{"start":{"line":85,"column":9},"end":{"line":85,"column":17}},{"start":{"line":86,"column":9},"end":{"line":86,"column":19}}],"line":84},"5":{"loc":{"start":{"line":91,"column":9},"end":{"line":92,"column":31}},"type":"binary-expr","locations":[{"start":{"line":91,"column":9},"end":{"line":91,"column":40}},{"start":{"line":92,"column":9},"end":{"line":92,"column":31}}],"line":91},"6":{"loc":{"start":{"line":99,"column":9},"end":{"line":101,"column":17}},"type":"binary-expr","locations":[{"start":{"line":99,"column":9},"end":{"line":99,"column":20}},{"start":{"line":100,"column":9},"end":{"line":100,"column":17}},{"start":{"line":101,"column":9},"end":{"line":101,"column":17}}],"line":99},"7":{"loc":{"start":{"line":106,"column":9},"end":{"line":107,"column":31}},"type":"binary-expr","locations":[{"start":{"line":106,"column":9},"end":{"line":106,"column":39}},{"start":{"line":107,"column":9},"end":{"line":107,"column":31}}],"line":106},"8":{"loc":{"start":{"line":112,"column":2},"end":{"line":114,"column":3}},"type":"if","locations":[{"start":{"line":112,"column":2},"end":{"line":114,"column":3}},{"start":{},"end":{}}],"line":112},"9":{"loc":{"start":{"line":137,"column":9},"end":{"line":138,"column":28}},"type":"binary-expr","locations":[{"start":{"line":137,"column":9},"end":{"line":137,"column":36}},{"start":{"line":138,"column":9},"end":{"line":138,"column":28}}],"line":137},"10":{"loc":{"start":{"line":159,"column":9},"end":{"line":160,"column":31}},"type":"binary-expr","locations":[{"start":{"line":159,"column":9},"end":{"line":159,"column":23}},{"start":{"line":160,"column":9},"end":{"line":160,"column":31}}],"line":159},"11":{"loc":{"start":{"line":169,"column":2},"end":{"line":171,"column":3}},"type":"if","locations":[{"start":{"line":169,"column":2},"end":{"line":171,"column":3}},{"start":{},"end":{}}],"line":169}},"s":{"0":14,"1":14,"2":5,"3":8,"4":7,"5":7,"6":7,"7":4,"8":4,"9":5,"10":5,"11":5,"12":5,"13":5,"14":5,"15":5,"16":5,"17":4,"18":1,"19":3,"20":3,"21":7,"22":5,"23":4,"24":4,"25":3,"26":3,"27":3,"28":3,"29":3,"30":3,"31":3,"32":4,"33":4,"34":4,"35":2,"36":2,"37":2,"38":2,"39":1},"f":{"0":14,"1":5,"2":8,"3":7,"4":7,"5":7,"6":4,"7":4,"8":5,"9":5,"10":5,"11":5,"12":5,"13":5,"14":4,"15":7,"16":5,"17":4,"18":4,"19":3,"20":4},"b":{"0":[4,3,3,2,2,2],"1":[4,2],"2":[5,2],"3":[5,2],"4":[5,4,2],"5":[5,2],"6":[5,3,2],"7":[5,2],"8":[1,3],"9":[4,1],"10":[3,2],"11":[2,2]},"_coverageSchema":"1a1c01bbd47fc00a2c39e90264f33305004495a9","hash":"1554ef4dce2c08b43feee8bb9b64ded7b4718ff5"}
}
