TN:
SF:server.js
FN:19,(anonymous_0)
FN:52,(anonymous_1)
FN:103,(anonymous_2)
FN:117,(anonymous_3)
FN:118,(anonymous_4)
FN:120,(anonymous_5)
FN:133,(anonymous_6)
FN:136,(anonymous_7)
FN:155,(anonymous_8)
FN:163,(anonymous_9)
FN:172,(anonymous_10)
FN:184,(anonymous_11)
FN:193,(anonymous_12)
FN:202,(anonymous_13)
FN:224,(anonymous_14)
FN:235,(anonymous_15)
FN:252,(anonymous_16)
FN:259,(anonymous_17)
FN:272,(anonymous_18)
FN:273,(anonymous_19)
FN:279,(anonymous_20)
FN:282,(anonymous_21)
FN:289,(anonymous_22)
FN:290,(anonymous_23)
FN:296,(anonymous_24)
FN:348,(anonymous_25)
FN:361,(anonymous_26)
FN:383,(anonymous_27)
FN:394,(anonymous_28)
FN:410,(anonymous_29)
FN:419,(anonymous_30)
FN:440,(anonymous_31)
FN:450,(anonymous_32)
FN:458,(anonymous_33)
FN:468,(anonymous_34)
FNF:35
FNH:13
FNDA:1,(anonymous_0)
FNDA:0,(anonymous_1)
FNDA:0,(anonymous_2)
FNDA:0,(anonymous_3)
FNDA:0,(anonymous_4)
FNDA:0,(anonymous_5)
FNDA:0,(anonymous_6)
FNDA:0,(anonymous_7)
FNDA:0,(anonymous_8)
FNDA:0,(anonymous_9)
FNDA:0,(anonymous_10)
FNDA:0,(anonymous_11)
FNDA:3,(anonymous_12)
FNDA:3,(anonymous_13)
FNDA:1,(anonymous_14)
FNDA:1,(anonymous_15)
FNDA:2,(anonymous_16)
FNDA:2,(anonymous_17)
FNDA:1,(anonymous_18)
FNDA:1,(anonymous_19)
FNDA:0,(anonymous_20)
FNDA:0,(anonymous_21)
FNDA:0,(anonymous_22)
FNDA:0,(anonymous_23)
FNDA:2,(anonymous_24)
FNDA:1,(anonymous_25)
FNDA:1,(anonymous_26)
FNDA:1,(anonymous_27)
FNDA:0,(anonymous_28)
FNDA:0,(anonymous_29)
FNDA:0,(anonymous_30)
FNDA:0,(anonymous_31)
FNDA:0,(anonymous_32)
FNDA:0,(anonymous_33)
FNDA:0,(anonymous_34)
DA:1,1
DA:2,1
DA:3,1
DA:5,1
DA:7,1
DA:8,1
DA:10,1
DA:12,1
DA:19,1
DA:20,1
DA:21,0
DA:22,0
DA:24,1
DA:27,1
DA:28,1
DA:29,1
DA:30,1
DA:31,1
DA:32,1
DA:33,1
DA:34,1
DA:35,1
DA:36,1
DA:37,1
DA:39,1
DA:40,1
DA:41,1
DA:42,1
DA:43,1
DA:44,1
DA:45,1
DA:46,1
DA:47,1
DA:48,1
DA:49,1
DA:52,1
DA:53,0
DA:54,0
DA:56,0
DA:57,0
DA:60,0
DA:61,0
DA:62,0
DA:65,0
DA:66,0
DA:69,0
DA:70,0
DA:73,0
DA:75,0
DA:76,0
DA:77,0
DA:79,0
DA:80,0
DA:82,0
DA:83,0
DA:85,0
DA:86,0
DA:88,0
DA:89,0
DA:91,0
DA:92,0
DA:93,0
DA:95,0
DA:96,0
DA:97,0
DA:99,0
DA:100,0
DA:102,0
DA:103,0
DA:104,0
DA:106,0
DA:107,0
DA:109,0
DA:110,0
DA:112,0
DA:113,0
DA:117,0
DA:118,0
DA:119,0
DA:120,0
DA:121,0
DA:122,0
DA:123,0
DA:125,0
DA:128,0
DA:133,0
DA:134,0
DA:135,0
DA:136,0
DA:137,0
DA:138,0
DA:139,0
DA:142,0
DA:143,0
DA:144,0
DA:145,0
DA:147,0
DA:148,0
DA:152,0
DA:154,0
DA:155,0
DA:156,0
DA:157,0
DA:158,0
DA:161,0
DA:162,0
DA:163,0
DA:164,0
DA:165,0
DA:166,0
DA:168,0
DA:170,0
DA:171,0
DA:172,0
DA:173,0
DA:174,0
DA:175,0
DA:177,0
DA:180,0
DA:185,0
DA:186,0
DA:188,0
DA:189,0
DA:193,1
DA:194,3
DA:196,3
DA:197,0
DA:200,3
DA:202,3
DA:203,3
DA:204,0
DA:205,0
DA:208,3
DA:209,2
DA:212,1
DA:213,1
DA:214,1
DA:216,1
DA:217,0
DA:218,0
DA:219,1
DA:220,1
DA:221,1
DA:224,1
DA:225,1
DA:234,1
DA:235,1
DA:236,1
DA:237,0
DA:238,0
DA:240,1
DA:241,1
DA:243,0
DA:247,0
DA:252,1
DA:253,2
DA:254,2
DA:255,0
DA:258,2
DA:259,2
DA:260,2
DA:261,0
DA:262,0
DA:264,2
DA:265,1
DA:267,1
DA:272,1
DA:273,1
DA:274,1
DA:275,1
DA:279,1
DA:280,0
DA:281,0
DA:282,0
DA:283,0
DA:284,0
DA:285,0
DA:289,1
DA:290,0
DA:291,0
DA:292,0
DA:296,1
DA:297,2
DA:298,2
DA:300,2
DA:301,0
DA:304,2
DA:305,0
DA:308,2
DA:309,1
DA:312,1
DA:313,1
DA:314,0
DA:317,1
DA:318,1
DA:319,1
DA:320,1
DA:321,1
DA:322,1
DA:324,1
DA:325,0
DA:327,1
DA:328,0
DA:331,1
DA:332,1
DA:333,1
DA:334,0
DA:337,1
DA:338,1
DA:339,1
DA:340,0
DA:343,1
DA:344,0
DA:347,1
DA:348,1
DA:349,1
DA:350,0
DA:351,0
DA:354,1
DA:355,0
DA:358,1
DA:360,1
DA:361,1
DA:362,1
DA:363,0
DA:364,0
DA:367,1
DA:368,0
DA:371,1
DA:373,1
DA:379,1
DA:383,1
DA:384,1
DA:385,0
DA:386,0
DA:388,1
DA:394,1
DA:395,0
DA:410,0
DA:411,0
DA:412,0
DA:413,0
DA:415,0
DA:419,1
DA:420,0
DA:421,0
DA:423,0
DA:440,0
DA:441,0
DA:442,0
DA:443,0
DA:445,0
DA:446,0
DA:450,1
DA:451,0
DA:458,0
DA:459,0
DA:460,0
DA:461,0
DA:463,0
DA:467,1
DA:468,0
DA:469,0
DA:473,1
LF:264
LH:115
BRDA:13,0,0,1
BRDA:13,0,1,0
BRDA:14,1,0,1
BRDA:14,1,1,0
BRDA:15,2,0,1
BRDA:15,2,1,0
BRDA:16,3,0,1
BRDA:16,3,1,0
BRDA:20,4,0,0
BRDA:20,4,1,1
BRDA:56,5,0,0
BRDA:56,5,1,0
BRDA:56,6,0,0
BRDA:56,6,1,0
BRDA:56,6,2,0
BRDA:56,6,3,0
BRDA:61,7,0,0
BRDA:61,7,1,0
BRDA:65,8,0,0
BRDA:65,8,1,0
BRDA:65,9,0,0
BRDA:65,9,1,0
BRDA:65,9,2,0
BRDA:69,10,0,0
BRDA:69,10,1,0
BRDA:69,11,0,0
BRDA:69,11,1,0
BRDA:75,12,0,0
BRDA:75,12,1,0
BRDA:76,13,0,0
BRDA:76,13,1,0
BRDA:79,14,0,0
BRDA:79,14,1,0
BRDA:82,15,0,0
BRDA:82,15,1,0
BRDA:82,16,0,0
BRDA:82,16,1,0
BRDA:85,17,0,0
BRDA:85,17,1,0
BRDA:88,18,0,0
BRDA:88,18,1,0
BRDA:91,19,0,0
BRDA:91,19,1,0
BRDA:92,20,0,0
BRDA:92,20,1,0
BRDA:95,21,0,0
BRDA:95,21,1,0
BRDA:96,22,0,0
BRDA:96,22,1,0
BRDA:99,23,0,0
BRDA:99,23,1,0
BRDA:99,24,0,0
BRDA:99,24,1,0
BRDA:99,24,2,0
BRDA:103,25,0,0
BRDA:103,25,1,0
BRDA:106,26,0,0
BRDA:106,26,1,0
BRDA:109,27,0,0
BRDA:109,27,1,0
BRDA:112,28,0,0
BRDA:112,28,1,0
BRDA:119,29,0,0
BRDA:119,29,1,0
BRDA:121,30,0,0
BRDA:121,30,1,0
BRDA:122,31,0,0
BRDA:122,31,1,0
BRDA:134,32,0,0
BRDA:134,32,1,0
BRDA:137,33,0,0
BRDA:137,33,1,0
BRDA:142,34,0,0
BRDA:142,34,1,0
BRDA:144,35,0,0
BRDA:144,35,1,0
BRDA:144,36,0,0
BRDA:144,36,1,0
BRDA:147,37,0,0
BRDA:147,37,1,0
BRDA:152,38,0,0
BRDA:152,38,1,0
BRDA:156,39,0,0
BRDA:156,39,1,0
BRDA:161,40,0,0
BRDA:161,40,1,0
BRDA:164,41,0,0
BRDA:164,41,1,0
BRDA:170,42,0,0
BRDA:170,42,1,0
BRDA:173,43,0,0
BRDA:173,43,1,0
BRDA:185,44,0,0
BRDA:185,44,1,0
BRDA:196,45,0,0
BRDA:196,45,1,3
BRDA:196,46,0,3
BRDA:196,46,1,3
BRDA:203,47,0,0
BRDA:203,47,1,3
BRDA:208,48,0,2
BRDA:208,48,1,1
BRDA:216,49,0,0
BRDA:216,49,1,1
BRDA:219,50,0,1
BRDA:219,50,1,0
BRDA:234,51,0,1
BRDA:234,51,1,0
BRDA:236,52,0,0
BRDA:236,52,1,1
BRDA:240,53,0,1
BRDA:240,53,1,0
BRDA:254,54,0,0
BRDA:254,54,1,2
BRDA:254,55,0,2
BRDA:254,55,1,2
BRDA:260,56,0,0
BRDA:260,56,1,2
BRDA:264,57,0,1
BRDA:264,57,1,1
BRDA:274,58,0,0
BRDA:274,58,1,1
BRDA:283,59,0,0
BRDA:283,59,1,0
BRDA:284,60,0,0
BRDA:284,60,1,0
BRDA:291,61,0,0
BRDA:291,61,1,0
BRDA:300,62,0,0
BRDA:300,62,1,2
BRDA:300,63,0,2
BRDA:300,63,1,2
BRDA:300,63,2,2
BRDA:300,63,3,2
BRDA:300,63,4,2
BRDA:300,63,5,2
BRDA:300,63,6,2
BRDA:300,63,7,2
BRDA:300,63,8,2
BRDA:304,64,0,0
BRDA:304,64,1,2
BRDA:308,65,0,1
BRDA:308,65,1,1
BRDA:308,66,0,2
BRDA:308,66,1,2
BRDA:313,67,0,0
BRDA:313,67,1,1
BRDA:313,68,0,1
BRDA:313,68,1,1
BRDA:313,68,2,1
BRDA:324,69,0,0
BRDA:324,69,1,1
BRDA:327,70,0,0
BRDA:327,70,1,1
BRDA:333,71,0,0
BRDA:333,71,1,1
BRDA:339,72,0,0
BRDA:339,72,1,1
BRDA:343,73,0,0
BRDA:343,73,1,1
BRDA:349,74,0,0
BRDA:349,74,1,1
BRDA:354,75,0,0
BRDA:354,75,1,1
BRDA:362,76,0,0
BRDA:362,76,1,1
BRDA:367,77,0,0
BRDA:367,77,1,1
BRDA:384,78,0,0
BRDA:384,78,1,1
BRDA:411,79,0,0
BRDA:411,79,1,0
BRDA:441,80,0,0
BRDA:441,80,1,0
BRDA:459,81,0,0
BRDA:459,81,1,0
BRDA:467,82,0,0
BRDA:467,82,1,1
BRF:178
BRH:53
end_of_record
TN:
SF:database\DatabaseControl.js
FN:3,(anonymous_0)
FN:7,(anonymous_1)
FN:8,(anonymous_2)
FN:9,(anonymous_3)
FN:10,(anonymous_4)
FN:11,(anonymous_5)
FN:12,(anonymous_6)
FN:13,(anonymous_7)
FN:14,(anonymous_8)
FN:15,(anonymous_9)
FN:16,(anonymous_10)
FN:17,(anonymous_11)
FN:18,(anonymous_12)
FN:19,(anonymous_13)
FN:20,(anonymous_14)
FN:21,(anonymous_15)
FN:22,(anonymous_16)
FN:23,(anonymous_17)
FN:24,(anonymous_18)
FN:25,(anonymous_19)
FNF:20
FNH:1
FNDA:1,(anonymous_0)
FNDA:0,(anonymous_1)
FNDA:0,(anonymous_2)
FNDA:0,(anonymous_3)
FNDA:0,(anonymous_4)
FNDA:0,(anonymous_5)
FNDA:0,(anonymous_6)
FNDA:0,(anonymous_7)
FNDA:0,(anonymous_8)
FNDA:0,(anonymous_9)
FNDA:0,(anonymous_10)
FNDA:0,(anonymous_11)
FNDA:0,(anonymous_12)
FNDA:0,(anonymous_13)
FNDA:0,(anonymous_14)
FNDA:0,(anonymous_15)
FNDA:0,(anonymous_16)
FNDA:0,(anonymous_17)
FNDA:0,(anonymous_18)
FNDA:0,(anonymous_19)
DA:4,1
DA:7,0
DA:8,0
DA:9,0
DA:10,0
DA:11,0
DA:12,0
DA:13,0
DA:14,0
DA:15,0
DA:16,0
DA:17,0
DA:18,0
DA:19,0
DA:20,0
DA:21,0
DA:22,0
DA:23,0
DA:24,0
DA:25,0
DA:27,1
LF:21
LH:2
BRF:0
BRH:0
end_of_record
TN:
SF:services\AccreditationService.js
FN:3,(anonymous_0)
FN:7,(anonymous_1)
FN:11,(anonymous_2)
FNF:3
FNH:1
FNDA:1,(anonymous_0)
FNDA:0,(anonymous_1)
FNDA:0,(anonymous_2)
DA:4,1
DA:8,0
DA:12,0
DA:15,1
LF:4
LH:2
BRF:0
BRH:0
end_of_record
TN:
SF:services\ApplicationService.js
FN:3,(anonymous_0)
FN:7,(anonymous_1)
FN:11,(anonymous_2)
FNF:3
FNH:1
FNDA:1,(anonymous_0)
FNDA:0,(anonymous_1)
FNDA:0,(anonymous_2)
DA:4,1
DA:8,0
DA:12,0
DA:16,1
LF:4
LH:2
BRF:0
BRH:0
end_of_record
TN:
SF:services\AttendanceService.js
FN:3,(anonymous_0)
FN:7,(anonymous_1)
FN:11,(anonymous_2)
FNF:3
FNH:1
FNDA:1,(anonymous_0)
FNDA:0,(anonymous_1)
FNDA:0,(anonymous_2)
DA:4,1
DA:8,0
DA:12,0
DA:16,1
LF:4
LH:2
BRF:0
BRH:0
end_of_record
TN:
SF:services\AuthService.js
FN:3,(anonymous_0)
FN:7,(anonymous_1)
FN:11,(anonymous_2)
FNF:3
FNH:1
FNDA:1,(anonymous_0)
FNDA:0,(anonymous_1)
FNDA:0,(anonymous_2)
DA:4,1
DA:8,0
DA:12,0
DA:16,1
LF:4
LH:2
BRF:0
BRH:0
end_of_record
TN:
SF:services\EvaluationService.js
FN:3,(anonymous_0)
FN:7,(anonymous_1)
FN:11,(anonymous_2)
FNF:3
FNH:1
FNDA:1,(anonymous_0)
FNDA:0,(anonymous_1)
FNDA:0,(anonymous_2)
DA:4,1
DA:8,0
DA:12,0
DA:16,1
LF:4
LH:2
BRF:0
BRH:0
end_of_record
TN:
SF:services\InternshipService.js
FN:3,(anonymous_0)
FN:7,(anonymous_1)
FN:11,(anonymous_2)
FN:15,(anonymous_3)
FNF:4
FNH:1
FNDA:1,(anonymous_0)
FNDA:0,(anonymous_1)
FNDA:0,(anonymous_2)
FNDA:0,(anonymous_3)
DA:4,1
DA:8,0
DA:12,0
DA:16,0
DA:20,1
LF:5
LH:2
BRF:0
BRH:0
end_of_record
TN:
SF:services\NotificationService.js
FN:3,(anonymous_0)
FN:7,(anonymous_1)
FN:11,(anonymous_2)
FNF:3
FNH:1
FNDA:1,(anonymous_0)
FNDA:0,(anonymous_1)
FNDA:0,(anonymous_2)
DA:4,1
DA:8,0
DA:12,0
DA:16,1
LF:4
LH:2
BRF:0
BRH:0
end_of_record
TN:
SF:services\ProgressService.js
FN:3,(anonymous_0)
FN:7,(anonymous_1)
FN:11,(anonymous_2)
FNF:3
FNH:1
FNDA:1,(anonymous_0)
FNDA:0,(anonymous_1)
FNDA:0,(anonymous_2)
DA:4,1
DA:8,0
DA:12,0
DA:16,1
LF:4
LH:2
BRF:0
BRH:0
end_of_record
TN:
SF:services\ReportService.js
FN:3,(anonymous_0)
FN:7,(anonymous_1)
FN:11,(anonymous_2)
FNF:3
FNH:1
FNDA:1,(anonymous_0)
FNDA:0,(anonymous_1)
FNDA:0,(anonymous_2)
DA:4,1
DA:8,0
DA:12,0
DA:16,1
LF:4
LH:2
BRF:0
BRH:0
end_of_record
TN:
SF:services\VisitService.js
FN:3,(anonymous_0)
FN:7,(anonymous_1)
FN:11,(anonymous_2)
FNF:3
FNH:1
FNDA:1,(anonymous_0)
FNDA:0,(anonymous_1)
FNDA:0,(anonymous_2)
DA:4,1
DA:8,0
DA:12,0
DA:16,1
LF:4
LH:2
BRF:0
BRH:0
end_of_record
TN:
SF:utils\validation.js
FN:1,validatePassword
FN:10,confirmPassword
FN:16,validateStudentEmail
FN:22,validateStudentId
FN:28,validatePhone
FN:34,validateFullName
FN:40,validateRegister
FN:57,validateLogin
FN:68,validateInternshipTitle
FN:74,validateInternshipDescription
FN:80,validateStudentsRequired
FN:89,validateLocation
FN:95,validateTrainingDuration
FN:104,validateCategory
FN:110,validateCompanyEmail
FN:123,(anonymous_15)
FN:129,validateCommercialNumber
FN:135,validateSpecialization
FN:142,validateSupervisorEmail
FN:148,validateStartDate
FN:164,validateEndDate
FNF:21
FNH:21
FNDA:14,validatePassword
FNDA:5,confirmPassword
FNDA:8,validateStudentEmail
FNDA:7,validateStudentId
FNDA:7,validatePhone
FNDA:7,validateFullName
FNDA:4,validateRegister
FNDA:4,validateLogin
FNDA:5,validateInternshipTitle
FNDA:5,validateInternshipDescription
FNDA:5,validateStudentsRequired
FNDA:5,validateLocation
FNDA:5,validateTrainingDuration
FNDA:5,validateCategory
FNDA:4,validateCompanyEmail
FNDA:7,(anonymous_15)
FNDA:5,validateCommercialNumber
FNDA:4,validateSpecialization
FNDA:4,validateSupervisorEmail
FNDA:3,validateStartDate
FNDA:4,validateEndDate
DA:4,14
DA:6,14
DA:12,5
DA:18,8
DA:24,7
DA:30,7
DA:36,7
DA:42,4
DA:59,4
DA:70,5
DA:76,5
DA:82,5
DA:84,5
DA:91,5
DA:97,5
DA:99,5
DA:106,5
DA:112,4
DA:113,1
DA:116,3
DA:123,3
DA:124,7
DA:131,5
DA:137,4
DA:144,4
DA:150,3
DA:151,3
DA:153,3
DA:154,3
DA:156,3
DA:157,3
DA:159,3
DA:166,4
DA:167,4
DA:169,4
DA:170,2
DA:173,2
DA:174,2
DA:176,2
DA:179,1
LF:40
LH:40
BRDA:44,0,0,4
BRDA:44,0,1,3
BRDA:44,0,2,3
BRDA:44,0,3,2
BRDA:44,0,4,2
BRDA:44,0,5,2
BRDA:61,1,0,4
BRDA:61,1,1,2
BRDA:70,2,0,5
BRDA:70,2,1,2
BRDA:76,3,0,5
BRDA:76,3,1,2
BRDA:84,4,0,5
BRDA:84,4,1,4
BRDA:84,4,2,2
BRDA:91,5,0,5
BRDA:91,5,1,2
BRDA:99,6,0,5
BRDA:99,6,1,3
BRDA:99,6,2,2
BRDA:106,7,0,5
BRDA:106,7,1,2
BRDA:112,8,0,1
BRDA:112,8,1,3
BRDA:137,9,0,4
BRDA:137,9,1,1
BRDA:159,10,0,3
BRDA:159,10,1,2
BRDA:169,11,0,2
BRDA:169,11,1,2
BRF:30
BRH:30
end_of_record
